Log file open, 01/26/19 02:49:31
LogWindows: Failed to load 'aqProf.dll' (GetLastError=126)
LogWindows: File 'aqProf.dll' does not exist
LogWindows: Failed to load 'VtuneApi.dll' (GetLastError=126)
LogWindows: File 'VtuneApi.dll' does not exist
LogWindows: Failed to load 'VtuneApi32e.dll' (GetLastError=126)
LogWindows: File 'VtuneApi32e.dll' does not exist
LogConsoleResponse: Display: Failed to find resolution value strings in scalability ini. Falling back to default.
LogInit: Display: Running engine for game: Obalor
LogPakFile: Registered encryption key '00000000000000000000000000000000': 0 pak files mounted, 0 remain pending
LogPlatformFile: Not using cached read wrapper
LogTaskGraph: Started task graph with 5 named threads and 23 total threads with 3 sets of task threads.
LogStats: Stats thread started at 0.686713
LogD3D11RHI: Loaded GFSDK_Aftermath_Lib.x64.dll
LogICUInternationalization: ICU TimeZone Detection - Raw Offset: -7:00, Platform Override: ''
LogPluginManager: Mounting plugin Paper2D
LogPluginManager: Mounting plugin AISupport
LogPluginManager: Mounting plugin LightPropagationVolume
LogPluginManager: Mounting plugin ActorLayerUtilities
LogPluginManager: Mounting plugin CLionSourceCodeAccess
LogPluginManager: Mounting plugin CodeLiteSourceCodeAccess
LogPluginManager: Mounting plugin GitSourceControl
LogPluginManager: Mounting plugin KDevelopSourceCodeAccess
LogPluginManager: Mounting plugin NullSourceCodeAccess
LogPluginManager: Mounting plugin PerforceSourceControl
LogPluginManager: Mounting plugin SubversionSourceControl
LogPluginManager: Mounting plugin UObjectPlugin
LogPluginManager: Mounting plugin VisualStudioCodeSourceCodeAccess
LogPluginManager: Mounting plugin VisualStudioSourceCodeAccess
LogPluginManager: Mounting plugin XCodeSourceCodeAccess
LogPluginManager: Mounting plugin AssetManagerEditor
LogPluginManager: Mounting plugin CryptoKeys
LogPluginManager: Mounting plugin DataValidation
LogPluginManager: Mounting plugin FacialAnimation
LogPluginManager: Mounting plugin GameplayTagsEditor
LogPluginManager: Mounting plugin MacGraphicsSwitching
LogPluginManager: Mounting plugin MeshEditor
LogPluginManager: Mounting plugin MobileLauncherProfileWizard
LogPluginManager: Mounting plugin PluginBrowser
LogPluginManager: Mounting plugin SpeedTreeImporter
LogPluginManager: Mounting plugin DatasmithContent
LogPluginManager: Mounting plugin VariantManagerContent
LogPluginManager: Mounting plugin AlembicImporter
LogPluginManager: Mounting plugin AppleImageUtils
LogPluginManager: Mounting plugin AppleVision
LogPluginManager: Mounting plugin BackChannel
LogPluginManager: Mounting plugin CharacterAI
LogPluginManager: Mounting plugin GeometryCache
LogPluginManager: Mounting plugin HTML5Networking
LogPluginManager: Mounting plugin ProxyLODPlugin
LogPluginManager: Mounting plugin MagicLeap
LogPluginManager: Mounting plugin MagicLeapMedia
LogPluginManager: Mounting plugin AndroidMedia
LogPluginManager: Mounting plugin AvfMedia
LogPluginManager: Mounting plugin ImgMedia
LogPluginManager: Mounting plugin LinearTimecode
LogPluginManager: Mounting plugin MediaCompositing
LogPluginManager: Mounting plugin MediaPlayerEditor
LogPluginManager: Mounting plugin WebMMedia
LogPluginManager: Mounting plugin WmfMedia
LogPluginManager: Mounting plugin TcpMessaging
LogPluginManager: Mounting plugin UdpMessaging
LogPluginManager: Mounting plugin ActorSequence
LogPluginManager: Mounting plugin LevelSequenceEditor
LogPluginManager: Mounting plugin MatineeToLevelSequence
LogPluginManager: Mounting plugin NetcodeUnitTest
LogPluginManager: Mounting plugin NUTUnrealEngine4
LogPluginManager: Mounting plugin OnlineSubsystemGooglePlay
LogPluginManager: Mounting plugin OnlineSubsystemIOS
LogPluginManager: Mounting plugin OnlineSubsystem
LogPluginManager: Mounting plugin OnlineSubsystemNull
LogPluginManager: Mounting plugin OnlineSubsystemUtils
LogPluginManager: Mounting plugin LauncherChunkInstaller
LogPluginManager: Mounting plugin AndroidDeviceProfileSelector
LogPluginManager: Mounting plugin AndroidMoviePlayer
LogPluginManager: Mounting plugin AndroidPermission
LogPluginManager: Mounting plugin AppleMoviePlayer
LogPluginManager: Mounting plugin ArchVisCharacter
LogPluginManager: Mounting plugin AudioCapture
LogPluginManager: Mounting plugin CableComponent
LogPluginManager: Mounting plugin CustomMeshComponent
LogPluginManager: Mounting plugin EditableMesh
LogPluginManager: Mounting plugin ExampleDeviceProfileSelector
LogPluginManager: Mounting plugin Firebase
LogPluginManager: Mounting plugin GoogleCloudMessaging
LogPluginManager: Mounting plugin IOSDeviceProfileSelector
LogPluginManager: Mounting plugin LinuxDeviceProfileSelector
LogPluginManager: Mounting plugin LocationServicesBPLibrary
LogPluginManager: Mounting plugin MobilePatchingUtils
LogPluginManager: Mounting plugin OculusVR
LogPluginManager: Mounting plugin PhysXVehicles
LogPluginManager: Mounting plugin ProceduralMeshComponent
LogPluginManager: Mounting plugin RuntimePhysXCooking
LogPluginManager: Mounting plugin SteamVR
LogPluginManager: Mounting plugin WebMMoviePlayer
LogPluginManager: Mounting plugin WindowsMoviePlayer
LogStreaming: Display: Took  0.240s to configure plugins.
LogInit: Using libcurl 7.55.1-DEV
LogInit:  - built for x86_64-pc-win32
LogInit:  - supports SSL with OpenSSL/1.0.2h
LogInit:  - supports HTTP deflate (compression) using libz 1.2.8
LogInit:  - other features:
LogInit:      CURL_VERSION_SSL
LogInit:      CURL_VERSION_LIBZ
LogInit:      CURL_VERSION_IPV6
LogInit:      CURL_VERSION_ASYNCHDNS
LogInit:      CURL_VERSION_LARGEFILE
LogInit:      CURL_VERSION_IDN
LogInit:  CurlRequestOptions (configurable via config and command line):
LogInit:  - bVerifyPeer = true  - Libcurl will verify peer certificate
LogInit:  - bUseHttpProxy = false  - Libcurl will NOT use HTTP proxy
LogInit:  - bDontReuseConnections = false  - Libcurl will reuse connections
LogInit:  - MaxHostConnections = 16  - Libcurl will limit the number of connections to a host
LogInit:  - LocalHostAddr = Default
LogInit:  - BufferSize = 65536
LogInit: WinSock: version 1.1 (2.2), MaxSocks=32767, MaxUdp=65467
LogInit: Build: ++UE4+Release-4.21-CL-4753647
LogInit: Engine Version: 4.21.2-4753647+++UE4+Release-4.21
LogInit: Compatible Engine Version: 4.21.0-4541578+++UE4+Release-4.21
LogInit: Net CL: 4541578
LogInit: OS: Windows 10 (), CPU: Intel(R) Core(TM) i7-7700HQ CPU @ 2.80GHz, GPU: Intel(R) HD Graphics 630
LogInit: Compiled (64-bit): Jan 19 2019 02:07:31
LogInit: Compiled with Visual C++: 19.13.26129.00
LogInit: Build Configuration: Development
LogInit: Branch Name: ++UE4+Release-4.21
LogInit: Command Line: 
LogInit: Base Directory: C:/UE_4.21/Engine/Binaries/Win64/
LogInit: Installed Engine Build: 1
LogDevObjectVersion: Number of dev versions registered: 22
LogDevObjectVersion:   Dev-Blueprints (B0D832E4-1F89-4F0D-ACCF-7EB736FD4AA2): 10
LogDevObjectVersion:   Dev-Build (E1C64328-A22C-4D53-A36C-8E866417BD8C): 0
LogDevObjectVersion:   Dev-Core (375EC13C-06E4-48FB-B500-84F0262A717E): 2
LogDevObjectVersion:   Dev-Editor (E4B068ED-F494-42E9-A231-DA0B2E46BB41): 26
LogDevObjectVersion:   Dev-Framework (CFFC743F-43B0-4480-9391-14DF171D2073): 34
LogDevObjectVersion:   Dev-Mobile (B02B49B5-BB20-44E9-A304-32B752E40360): 2
LogDevObjectVersion:   Dev-Networking (A4E4105C-59A1-49B5-A7C5-40C4547EDFEE): 0
LogDevObjectVersion:   Dev-Online (39C831C9-5AE6-47DC-9A44-9C173E1C8E7C): 0
LogDevObjectVersion:   Dev-Physics (78F01B33-EBEA-4F98-B9B4-84EACCB95AA2): 0
LogDevObjectVersion:   Dev-Platform (6631380F-2D4D-43E0-8009-CF276956A95A): 0
LogDevObjectVersion:   Dev-Rendering (12F88B9F-8875-4AFC-A67C-D90C383ABD29): 27
LogDevObjectVersion:   Dev-Sequencer (7B5AE74C-D270-4C10-A958-57980B212A5A): 9
LogDevObjectVersion:   Dev-VR (D7296918-1DD6-4BDD-9DE2-64A83CC13884): 2
LogDevObjectVersion:   Dev-LoadTimes (C2A15278-BFE7-4AFE-6C17-90FF531DF755): 1
LogDevObjectVersion:   Private-Geometry (6EACA3D4-40EC-4CC1-B786-8BED09428FC5): 3
LogDevObjectVersion:   Dev-AnimPhys (29E575DD-E0A3-4627-9D10-D276232CDCEA): 17
LogDevObjectVersion:   Dev-Anim (AF43A65D-7FD3-4947-9873-3E8ED9C1BB05): 2
LogDevObjectVersion:   Dev-ReflectionCapture (6B266CEC-1EC7-4B8F-A30B-E4D90942FC07): 1
LogDevObjectVersion:   Dev-Automation (0DF73D61-A23F-47EA-B727-89E90C41499A): 1
LogDevObjectVersion:   FortniteMain (601D1886-AC64-4F84-AA16-D3DE0DEAC7D6): 17
LogDevObjectVersion:   Dev-Enterprise (9DFFBCD6-494F-0158-E221-12823C92A888): 4
LogDevObjectVersion:   Dev-Niagara (F2AED0AC-9AFE-416F-8664-AA7FFA26D6FC): 1
LogStreaming: Display: Took  0.040s to delete old logs.
LogInit: Presizing for max 8388607 objects, including 0 objects not considered by GC, pre-allocating 0 bytes for permanent pool.
LogInit: Object subsystem initialized
LogConfig: Setting CVar [[con.DebugEarlyDefault:1]]
LogConfig: Setting CVar [[r.setres:1280x720]]
[2019.01.26-09.49.32:066][  0]LogConfig: Setting CVar [[r.VSync:0]]
[2019.01.26-09.49.32:066][  0]LogConfig: Setting CVar [[r.RHICmdBypass:0]]
[2019.01.26-09.49.32:066][  0]LogConfig: Applying CVar settings from Section [/Script/Engine.RendererSettings] File [D:/Unreal/Obalor/Obalor/Saved/Config/Windows/Engine.ini]
[2019.01.26-09.49.32:066][  0]LogConfig: Setting CVar [[r.GPUCrashDebugging:0]]
[2019.01.26-09.49.32:066][  0]LogConfig: Applying CVar settings from Section [/Script/Engine.RendererOverrideSettings] File [D:/Unreal/Obalor/Obalor/Saved/Config/Windows/Engine.ini]
[2019.01.26-09.49.32:066][  0]LogConfig: Applying CVar settings from Section [/Script/Engine.StreamingSettings] File [D:/Unreal/Obalor/Obalor/Saved/Config/Windows/Engine.ini]
[2019.01.26-09.49.32:066][  0]LogConfig: Setting CVar [[s.MinBulkDataSizeForAsyncLoading:131072]]
[2019.01.26-09.49.32:066][  0]LogConfig: Setting CVar [[s.AsyncLoadingThreadEnabled:0]]
[2019.01.26-09.49.32:066][  0]LogConfig: Setting CVar [[s.EventDrivenLoaderEnabled:1]]
[2019.01.26-09.49.32:066][  0]LogConfig: Setting CVar [[s.WarnIfTimeLimitExceeded:0]]
[2019.01.26-09.49.32:066][  0]LogConfig: Setting CVar [[s.TimeLimitExceededMultiplier:1.5]]
[2019.01.26-09.49.32:066][  0]LogConfig: Setting CVar [[s.TimeLimitExceededMinTime:0.005]]
[2019.01.26-09.49.32:066][  0]LogConfig: Setting CVar [[s.UseBackgroundLevelStreaming:1]]
[2019.01.26-09.49.32:066][  0]LogConfig: Setting CVar [[s.PriorityAsyncLoadingExtraTime:15.0]]
[2019.01.26-09.49.32:066][  0]LogConfig: Setting CVar [[s.LevelStreamingActorsUpdateTimeLimit:5.0]]
[2019.01.26-09.49.32:066][  0]LogConfig: Setting CVar [[s.PriorityLevelStreamingActorsUpdateExtraTime:5.0]]
[2019.01.26-09.49.32:066][  0]LogConfig: Setting CVar [[s.LevelStreamingComponentsRegistrationGranularity:10]]
[2019.01.26-09.49.32:066][  0]LogConfig: Setting CVar [[s.UnregisterComponentsTimeLimit:1.0]]
[2019.01.26-09.49.32:066][  0]LogConfig: Setting CVar [[s.LevelStreamingComponentsUnregistrationGranularity:5]]
[2019.01.26-09.49.32:066][  0]LogConfig: Applying CVar settings from Section [/Script/Engine.GarbageCollectionSettings] File [D:/Unreal/Obalor/Obalor/Saved/Config/Windows/Engine.ini]
[2019.01.26-09.49.32:066][  0]LogConfig: Setting CVar [[gc.MaxObjectsNotConsideredByGC:1]]
[2019.01.26-09.49.32:066][  0]LogConfig: Setting CVar [[gc.SizeOfPermanentObjectPool:0]]
[2019.01.26-09.49.32:066][  0]LogConfig: Setting CVar [[gc.FlushStreamingOnGC:0]]
[2019.01.26-09.49.32:066][  0]LogConfig: Setting CVar [[gc.NumRetriesBeforeForcingGC:10]]
[2019.01.26-09.49.32:066][  0]LogConfig: Setting CVar [[gc.AllowParallelGC:1]]
[2019.01.26-09.49.32:066][  0]LogConfig: Setting CVar [[gc.TimeBetweenPurgingPendingKillObjects:61.1]]
[2019.01.26-09.49.32:066][  0]LogConfig: Setting CVar [[gc.MaxObjectsInEditor:8388607]]
[2019.01.26-09.49.32:067][  0]LogConfig: Setting CVar [[gc.IncrementalBeginDestroyEnabled:1]]
[2019.01.26-09.49.32:067][  0]LogConfig: Setting CVar [[gc.CreateGCClusters:1]]
[2019.01.26-09.49.32:067][  0]LogConfig: Setting CVar [[gc.MergeGCClusters:0]]
[2019.01.26-09.49.32:067][  0]LogConfig: Setting CVar [[gc.MinGCClusterSize:5]]
[2019.01.26-09.49.32:067][  0]LogConfig: Setting CVar [[gc.ActorClusteringEnabled:0]]
[2019.01.26-09.49.32:067][  0]LogConfig: Setting CVar [[gc.BlueprintClusteringEnabled:0]]
[2019.01.26-09.49.32:067][  0]LogConfig: Setting CVar [[gc.UseDisregardForGCOnDedicatedServers:0]]
[2019.01.26-09.49.32:067][  0]LogConfig: Applying CVar settings from Section [/Script/Engine.NetworkSettings] File [D:/Unreal/Obalor/Obalor/Saved/Config/Windows/Engine.ini]
[2019.01.26-09.49.32:067][  0]LogConfig: Applying CVar settings from Section [/Script/UnrealEd.CookerSettings] File [D:/Unreal/Obalor/Obalor/Saved/Config/Windows/Engine.ini]
[2019.01.26-09.49.32:072][  0]LogConfig: Applying CVar settings from Section [ViewDistanceQuality@3] File [D:/Unreal/Obalor/Obalor/Saved/Config/Windows/Scalability.ini]
[2019.01.26-09.49.32:072][  0]LogConfig: Setting CVar [[r.SkeletalMeshLODBias:0]]
[2019.01.26-09.49.32:072][  0]LogConfig: Setting CVar [[r.ViewDistanceScale:1.0]]
[2019.01.26-09.49.32:072][  0]LogConfig: Applying CVar settings from Section [AntiAliasingQuality@3] File [D:/Unreal/Obalor/Obalor/Saved/Config/Windows/Scalability.ini]
[2019.01.26-09.49.32:072][  0]LogConfig: Setting CVar [[r.PostProcessAAQuality:4]]
[2019.01.26-09.49.32:072][  0]LogConfig: Applying CVar settings from Section [ShadowQuality@3] File [D:/Unreal/Obalor/Obalor/Saved/Config/Windows/Scalability.ini]
[2019.01.26-09.49.32:072][  0]LogConfig: Setting CVar [[r.LightFunctionQuality:1]]
[2019.01.26-09.49.32:072][  0]LogConfig: Setting CVar [[r.ShadowQuality:5]]
[2019.01.26-09.49.32:072][  0]LogConfig: Setting CVar [[r.Shadow.CSM.MaxCascades:10]]
[2019.01.26-09.49.32:072][  0]LogConfig: Setting CVar [[r.Shadow.MaxResolution:2048]]
[2019.01.26-09.49.32:072][  0]LogConfig: Setting CVar [[r.Shadow.MaxCSMResolution:2048]]
[2019.01.26-09.49.32:072][  0]LogConfig: Setting CVar [[r.Shadow.RadiusThreshold:0.01]]
[2019.01.26-09.49.32:072][  0]LogConfig: Setting CVar [[r.Shadow.DistanceScale:1.0]]
[2019.01.26-09.49.32:072][  0]LogConfig: Setting CVar [[r.Shadow.CSM.TransitionScale:1.0]]
[2019.01.26-09.49.32:072][  0]LogConfig: Setting CVar [[r.Shadow.PreShadowResolutionFactor:1.0]]
[2019.01.26-09.49.32:072][  0]LogConfig: Setting CVar [[r.DistanceFieldShadowing:1]]
[2019.01.26-09.49.32:072][  0]LogConfig: Setting CVar [[r.DistanceFieldAO:1]]
[2019.01.26-09.49.32:072][  0]LogConfig: Setting CVar [[r.AOQuality:2]]
[2019.01.26-09.49.32:072][  0]LogConfig: Setting CVar [[r.VolumetricFog:1]]
[2019.01.26-09.49.32:072][  0]LogConfig: Setting CVar [[r.VolumetricFog.GridPixelSize:8]]
[2019.01.26-09.49.32:072][  0]LogConfig: Setting CVar [[r.VolumetricFog.GridSizeZ:128]]
[2019.01.26-09.49.32:072][  0]LogConfig: Setting CVar [[r.VolumetricFog.HistoryMissSupersampleCount:4]]
[2019.01.26-09.49.32:072][  0]LogConfig: Setting CVar [[r.LightMaxDrawDistanceScale:1]]
[2019.01.26-09.49.32:072][  0]LogConfig: Setting CVar [[r.CapsuleShadows:1]]
[2019.01.26-09.49.32:072][  0]LogConfig: Applying CVar settings from Section [PostProcessQuality@3] File [D:/Unreal/Obalor/Obalor/Saved/Config/Windows/Scalability.ini]
[2019.01.26-09.49.32:072][  0]LogConfig: Setting CVar [[r.MotionBlurQuality:4]]
[2019.01.26-09.49.32:072][  0]LogConfig: Setting CVar [[r.AmbientOcclusionMipLevelFactor:0.4]]
[2019.01.26-09.49.32:072][  0]LogConfig: Setting CVar [[r.AmbientOcclusionMaxQuality:100]]
[2019.01.26-09.49.32:072][  0]LogConfig: Setting CVar [[r.AmbientOcclusionLevels:-1]]
[2019.01.26-09.49.32:072][  0]LogConfig: Setting CVar [[r.AmbientOcclusionRadiusScale:1.0]]
[2019.01.26-09.49.32:072][  0]LogConfig: Setting CVar [[r.DepthOfFieldQuality:2]]
[2019.01.26-09.49.32:072][  0]LogConfig: Setting CVar [[r.RenderTargetPoolMin:400]]
[2019.01.26-09.49.32:072][  0]LogConfig: Setting CVar [[r.LensFlareQuality:2]]
[2019.01.26-09.49.32:072][  0]LogConfig: Setting CVar [[r.SceneColorFringeQuality:1]]
[2019.01.26-09.49.32:072][  0]LogConfig: Setting CVar [[r.EyeAdaptationQuality:2]]
[2019.01.26-09.49.32:072][  0]LogConfig: Setting CVar [[r.BloomQuality:5]]
[2019.01.26-09.49.32:072][  0]LogConfig: Setting CVar [[r.FastBlurThreshold:100]]
[2019.01.26-09.49.32:072][  0]LogConfig: Setting CVar [[r.Upscale.Quality:3]]
[2019.01.26-09.49.32:072][  0]LogConfig: Setting CVar [[r.Tonemapper.GrainQuantization:1]]
[2019.01.26-09.49.32:072][  0]LogConfig: Setting CVar [[r.LightShaftQuality:1]]
[2019.01.26-09.49.32:072][  0]LogConfig: Setting CVar [[r.Filter.SizeScale:1]]
[2019.01.26-09.49.32:072][  0]LogConfig: Setting CVar [[r.Tonemapper.Quality:5]]
[2019.01.26-09.49.32:072][  0]LogConfig: Setting CVar [[r.DOF.Gather.AccumulatorQuality:1        ; higher gathering accumulator quality]]
[2019.01.26-09.49.32:072][  0]LogConfig: Setting CVar [[r.DOF.Gather.PostfilterMethod:1          ; Median3x3 postfilering method]]
[2019.01.26-09.49.32:072][  0]LogConfig: Setting CVar [[r.DOF.Gather.EnableBokehSettings:0       ; no bokeh simulation when gathering]]
[2019.01.26-09.49.32:072][  0]LogConfig: Setting CVar [[r.DOF.Gather.RingCount:4                 ; medium number of samples when gathering]]
[2019.01.26-09.49.32:072][  0]LogConfig: Setting CVar [[r.DOF.Scatter.ForegroundCompositing:1    ; additive foreground scattering]]
[2019.01.26-09.49.32:072][  0]LogConfig: Setting CVar [[r.DOF.Scatter.BackgroundCompositing:2    ; additive background scattering]]
[2019.01.26-09.49.32:072][  0]LogConfig: Setting CVar [[r.DOF.Scatter.EnableBokehSettings:1      ; bokeh simulation when scattering]]
[2019.01.26-09.49.32:072][  0]LogConfig: Setting CVar [[r.DOF.Scatter.MaxSpriteRatio:0.1         ; only a maximum of 10% of scattered bokeh]]
[2019.01.26-09.49.32:072][  0]LogConfig: Setting CVar [[r.DOF.Recombine.Quality:1                ; cheap slight out of focus]]
[2019.01.26-09.49.32:072][  0]LogConfig: Setting CVar [[r.DOF.Recombine.EnableBokehSettings:0    ; no bokeh simulation on slight out of focus]]
[2019.01.26-09.49.32:072][  0]LogConfig: Setting CVar [[r.DOF.TemporalAAQuality:1                ; more stable temporal accumulation]]
[2019.01.26-09.49.32:072][  0]LogConfig: Setting CVar [[r.DOF.Kernel.MaxForegroundRadius:0.025]]
[2019.01.26-09.49.32:072][  0]LogConfig: Setting CVar [[r.DOF.Kernel.MaxBackgroundRadius:0.025]]
[2019.01.26-09.49.32:072][  0]LogConfig: Applying CVar settings from Section [TextureQuality@3] File [D:/Unreal/Obalor/Obalor/Saved/Config/Windows/Scalability.ini]
[2019.01.26-09.49.32:072][  0]LogConfig: Setting CVar [[r.Streaming.MipBias:0]]
[2019.01.26-09.49.32:072][  0]LogConfig: Setting CVar [[r.Streaming.AmortizeCPUToGPUCopy:0]]
[2019.01.26-09.49.32:072][  0]LogConfig: Setting CVar [[r.Streaming.MaxNumTexturesToStreamPerFrame:0]]
[2019.01.26-09.49.32:072][  0]LogConfig: Setting CVar [[r.Streaming.Boost:1]]
[2019.01.26-09.49.32:072][  0]LogConfig: Setting CVar [[r.MaxAnisotropy:8]]
[2019.01.26-09.49.32:072][  0]LogConfig: Setting CVar [[r.Streaming.LimitPoolSizeToVRAM:0]]
[2019.01.26-09.49.32:072][  0]LogConfig: Setting CVar [[r.Streaming.PoolSize:1000]]
[2019.01.26-09.49.32:072][  0]LogConfig: Setting CVar [[r.Streaming.MaxEffectiveScreenSize:0]]
[2019.01.26-09.49.32:072][  0]LogConfig: Applying CVar settings from Section [EffectsQuality@3] File [D:/Unreal/Obalor/Obalor/Saved/Config/Windows/Scalability.ini]
[2019.01.26-09.49.32:072][  0]LogConfig: Setting CVar [[r.TranslucencyLightingVolumeDim:64]]
[2019.01.26-09.49.32:072][  0]LogConfig: Setting CVar [[r.RefractionQuality:2]]
[2019.01.26-09.49.32:072][  0]LogConfig: Setting CVar [[r.SSR.Quality:3]]
[2019.01.26-09.49.32:072][  0]LogConfig: Setting CVar [[r.SceneColorFormat:4]]
[2019.01.26-09.49.32:072][  0]LogConfig: Setting CVar [[r.DetailMode:2]]
[2019.01.26-09.49.32:072][  0]LogConfig: Setting CVar [[r.TranslucencyVolumeBlur:1]]
[2019.01.26-09.49.32:072][  0]LogConfig: Setting CVar [[r.MaterialQualityLevel:1 ; High quality]]
[2019.01.26-09.49.32:072][  0]LogConfig: Setting CVar [[r.SSS.Scale:1]]
[2019.01.26-09.49.32:072][  0]LogConfig: Setting CVar [[r.SSS.SampleSet:2]]
[2019.01.26-09.49.32:072][  0]LogConfig: Setting CVar [[r.SSS.Quality:1]]
[2019.01.26-09.49.32:072][  0]LogConfig: Setting CVar [[r.SSS.HalfRes:1]]
[2019.01.26-09.49.32:072][  0]LogConfig: Setting CVar [[r.EmitterSpawnRateScale:1.0]]
[2019.01.26-09.49.32:072][  0]LogConfig: Setting CVar [[r.ParticleLightQuality:2]]
[2019.01.26-09.49.32:072][  0]LogConfig: Applying CVar settings from Section [FoliageQuality@3] File [D:/Unreal/Obalor/Obalor/Saved/Config/Windows/Scalability.ini]
[2019.01.26-09.49.32:072][  0]LogConfig: Setting CVar [[foliage.DensityScale:1.0]]
[2019.01.26-09.49.32:072][  0]LogConfig: Setting CVar [[grass.DensityScale:1.0]]
[2019.01.26-09.49.32:073][  0]LogInit: Selected Device Profile: [Windows]
[2019.01.26-09.49.32:073][  0]LogInit: Applying CVar settings loaded from the selected device profile: [Windows]
[2019.01.26-09.49.32:125][  0]LogHAL: Display: Platform has ~ 8 GB [8505806848 / 8589934592 / 8], which maps to Default [LargestMinGB=32, LargerMinGB=12, DefaultMinGB=8, SmallerMinGB=6, SmallestMinGB=0)
[2019.01.26-09.49.32:125][  0]LogConfig: Setting CVar [[r.Vulkan.UseRealUBs:1]]
[2019.01.26-09.49.32:125][  0]LogInit: Going up to parent DeviceProfile []
[2019.01.26-09.49.32:125][  0]LogConfig: Applying CVar settings from Section [ViewDistanceQuality@3] File [D:/Unreal/Obalor/Obalor/Saved/Config/Windows/Scalability.ini]
[2019.01.26-09.49.32:125][  0]LogConfig: Setting CVar [[r.SkeletalMeshLODBias:0]]
[2019.01.26-09.49.32:125][  0]LogConfig: Setting CVar [[r.ViewDistanceScale:1.0]]
[2019.01.26-09.49.32:125][  0]LogConfig: Applying CVar settings from Section [AntiAliasingQuality@3] File [D:/Unreal/Obalor/Obalor/Saved/Config/Windows/Scalability.ini]
[2019.01.26-09.49.32:125][  0]LogConfig: Setting CVar [[r.PostProcessAAQuality:4]]
[2019.01.26-09.49.32:125][  0]LogConfig: Applying CVar settings from Section [ShadowQuality@3] File [D:/Unreal/Obalor/Obalor/Saved/Config/Windows/Scalability.ini]
[2019.01.26-09.49.32:125][  0]LogConfig: Setting CVar [[r.LightFunctionQuality:1]]
[2019.01.26-09.49.32:125][  0]LogConfig: Setting CVar [[r.ShadowQuality:5]]
[2019.01.26-09.49.32:126][  0]LogConfig: Setting CVar [[r.Shadow.CSM.MaxCascades:10]]
[2019.01.26-09.49.32:126][  0]LogConfig: Setting CVar [[r.Shadow.MaxResolution:2048]]
[2019.01.26-09.49.32:126][  0]LogConfig: Setting CVar [[r.Shadow.MaxCSMResolution:2048]]
[2019.01.26-09.49.32:126][  0]LogConfig: Setting CVar [[r.Shadow.RadiusThreshold:0.01]]
[2019.01.26-09.49.32:126][  0]LogConfig: Setting CVar [[r.Shadow.DistanceScale:1.0]]
[2019.01.26-09.49.32:126][  0]LogConfig: Setting CVar [[r.Shadow.CSM.TransitionScale:1.0]]
[2019.01.26-09.49.32:126][  0]LogConfig: Setting CVar [[r.Shadow.PreShadowResolutionFactor:1.0]]
[2019.01.26-09.49.32:126][  0]LogConfig: Setting CVar [[r.DistanceFieldShadowing:1]]
[2019.01.26-09.49.32:126][  0]LogConfig: Setting CVar [[r.DistanceFieldAO:1]]
[2019.01.26-09.49.32:126][  0]LogConfig: Setting CVar [[r.AOQuality:2]]
[2019.01.26-09.49.32:126][  0]LogConfig: Setting CVar [[r.VolumetricFog:1]]
[2019.01.26-09.49.32:126][  0]LogConfig: Setting CVar [[r.VolumetricFog.GridPixelSize:8]]
[2019.01.26-09.49.32:126][  0]LogConfig: Setting CVar [[r.VolumetricFog.GridSizeZ:128]]
[2019.01.26-09.49.32:126][  0]LogConfig: Setting CVar [[r.VolumetricFog.HistoryMissSupersampleCount:4]]
[2019.01.26-09.49.32:126][  0]LogConfig: Setting CVar [[r.LightMaxDrawDistanceScale:1]]
[2019.01.26-09.49.32:126][  0]LogConfig: Setting CVar [[r.CapsuleShadows:1]]
[2019.01.26-09.49.32:126][  0]LogConfig: Applying CVar settings from Section [PostProcessQuality@3] File [D:/Unreal/Obalor/Obalor/Saved/Config/Windows/Scalability.ini]
[2019.01.26-09.49.32:126][  0]LogConfig: Setting CVar [[r.MotionBlurQuality:4]]
[2019.01.26-09.49.32:126][  0]LogConfig: Setting CVar [[r.AmbientOcclusionMipLevelFactor:0.4]]
[2019.01.26-09.49.32:126][  0]LogConfig: Setting CVar [[r.AmbientOcclusionMaxQuality:100]]
[2019.01.26-09.49.32:126][  0]LogConfig: Setting CVar [[r.AmbientOcclusionLevels:-1]]
[2019.01.26-09.49.32:126][  0]LogConfig: Setting CVar [[r.AmbientOcclusionRadiusScale:1.0]]
[2019.01.26-09.49.32:126][  0]LogConfig: Setting CVar [[r.DepthOfFieldQuality:2]]
[2019.01.26-09.49.32:126][  0]LogConfig: Setting CVar [[r.RenderTargetPoolMin:400]]
[2019.01.26-09.49.32:126][  0]LogConfig: Setting CVar [[r.LensFlareQuality:2]]
[2019.01.26-09.49.32:126][  0]LogConfig: Setting CVar [[r.SceneColorFringeQuality:1]]
[2019.01.26-09.49.32:126][  0]LogConfig: Setting CVar [[r.EyeAdaptationQuality:2]]
[2019.01.26-09.49.32:126][  0]LogConfig: Setting CVar [[r.BloomQuality:5]]
[2019.01.26-09.49.32:126][  0]LogConfig: Setting CVar [[r.FastBlurThreshold:100]]
[2019.01.26-09.49.32:126][  0]LogConfig: Setting CVar [[r.Upscale.Quality:3]]
[2019.01.26-09.49.32:126][  0]LogConfig: Setting CVar [[r.Tonemapper.GrainQuantization:1]]
[2019.01.26-09.49.32:126][  0]LogConfig: Setting CVar [[r.LightShaftQuality:1]]
[2019.01.26-09.49.32:126][  0]LogConfig: Setting CVar [[r.Filter.SizeScale:1]]
[2019.01.26-09.49.32:126][  0]LogConfig: Setting CVar [[r.Tonemapper.Quality:5]]
[2019.01.26-09.49.32:126][  0]LogConfig: Setting CVar [[r.DOF.Gather.AccumulatorQuality:1        ; higher gathering accumulator quality]]
[2019.01.26-09.49.32:126][  0]LogConfig: Setting CVar [[r.DOF.Gather.PostfilterMethod:1          ; Median3x3 postfilering method]]
[2019.01.26-09.49.32:126][  0]LogConfig: Setting CVar [[r.DOF.Gather.EnableBokehSettings:0       ; no bokeh simulation when gathering]]
[2019.01.26-09.49.32:126][  0]LogConfig: Setting CVar [[r.DOF.Gather.RingCount:4                 ; medium number of samples when gathering]]
[2019.01.26-09.49.32:126][  0]LogConfig: Setting CVar [[r.DOF.Scatter.ForegroundCompositing:1    ; additive foreground scattering]]
[2019.01.26-09.49.32:126][  0]LogConfig: Setting CVar [[r.DOF.Scatter.BackgroundCompositing:2    ; additive background scattering]]
[2019.01.26-09.49.32:126][  0]LogConfig: Setting CVar [[r.DOF.Scatter.EnableBokehSettings:1      ; bokeh simulation when scattering]]
[2019.01.26-09.49.32:126][  0]LogConfig: Setting CVar [[r.DOF.Scatter.MaxSpriteRatio:0.1         ; only a maximum of 10% of scattered bokeh]]
[2019.01.26-09.49.32:126][  0]LogConfig: Setting CVar [[r.DOF.Recombine.Quality:1                ; cheap slight out of focus]]
[2019.01.26-09.49.32:126][  0]LogConfig: Setting CVar [[r.DOF.Recombine.EnableBokehSettings:0    ; no bokeh simulation on slight out of focus]]
[2019.01.26-09.49.32:126][  0]LogConfig: Setting CVar [[r.DOF.TemporalAAQuality:1                ; more stable temporal accumulation]]
[2019.01.26-09.49.32:126][  0]LogConfig: Setting CVar [[r.DOF.Kernel.MaxForegroundRadius:0.025]]
[2019.01.26-09.49.32:126][  0]LogConfig: Setting CVar [[r.DOF.Kernel.MaxBackgroundRadius:0.025]]
[2019.01.26-09.49.32:126][  0]LogConfig: Applying CVar settings from Section [TextureQuality@3] File [D:/Unreal/Obalor/Obalor/Saved/Config/Windows/Scalability.ini]
[2019.01.26-09.49.32:126][  0]LogConfig: Setting CVar [[r.Streaming.MipBias:0]]
[2019.01.26-09.49.32:126][  0]LogConfig: Setting CVar [[r.Streaming.AmortizeCPUToGPUCopy:0]]
[2019.01.26-09.49.32:126][  0]LogConfig: Setting CVar [[r.Streaming.MaxNumTexturesToStreamPerFrame:0]]
[2019.01.26-09.49.32:126][  0]LogConfig: Setting CVar [[r.Streaming.Boost:1]]
[2019.01.26-09.49.32:126][  0]LogConfig: Setting CVar [[r.MaxAnisotropy:8]]
[2019.01.26-09.49.32:126][  0]LogConfig: Setting CVar [[r.Streaming.LimitPoolSizeToVRAM:0]]
[2019.01.26-09.49.32:126][  0]LogConfig: Setting CVar [[r.Streaming.PoolSize:1000]]
[2019.01.26-09.49.32:126][  0]LogConfig: Setting CVar [[r.Streaming.MaxEffectiveScreenSize:0]]
[2019.01.26-09.49.32:126][  0]LogConfig: Applying CVar settings from Section [EffectsQuality@3] File [D:/Unreal/Obalor/Obalor/Saved/Config/Windows/Scalability.ini]
[2019.01.26-09.49.32:126][  0]LogConfig: Setting CVar [[r.TranslucencyLightingVolumeDim:64]]
[2019.01.26-09.49.32:126][  0]LogConfig: Setting CVar [[r.RefractionQuality:2]]
[2019.01.26-09.49.32:126][  0]LogConfig: Setting CVar [[r.SSR.Quality:3]]
[2019.01.26-09.49.32:126][  0]LogConfig: Setting CVar [[r.SceneColorFormat:4]]
[2019.01.26-09.49.32:126][  0]LogConfig: Setting CVar [[r.DetailMode:2]]
[2019.01.26-09.49.32:126][  0]LogConfig: Setting CVar [[r.TranslucencyVolumeBlur:1]]
[2019.01.26-09.49.32:126][  0]LogConfig: Setting CVar [[r.MaterialQualityLevel:1 ; High quality]]
[2019.01.26-09.49.32:126][  0]LogConfig: Setting CVar [[r.SSS.Scale:1]]
[2019.01.26-09.49.32:126][  0]LogConfig: Setting CVar [[r.SSS.SampleSet:2]]
[2019.01.26-09.49.32:126][  0]LogConfig: Setting CVar [[r.SSS.Quality:1]]
[2019.01.26-09.49.32:126][  0]LogConfig: Setting CVar [[r.SSS.HalfRes:1]]
[2019.01.26-09.49.32:126][  0]LogConfig: Setting CVar [[r.EmitterSpawnRateScale:1.0]]
[2019.01.26-09.49.32:126][  0]LogConfig: Setting CVar [[r.ParticleLightQuality:2]]
[2019.01.26-09.49.32:126][  0]LogConfig: Applying CVar settings from Section [FoliageQuality@3] File [D:/Unreal/Obalor/Obalor/Saved/Config/Windows/Scalability.ini]
[2019.01.26-09.49.32:126][  0]LogConfig: Setting CVar [[foliage.DensityScale:1.0]]
[2019.01.26-09.49.32:126][  0]LogConfig: Setting CVar [[grass.DensityScale:1.0]]
[2019.01.26-09.49.32:126][  0]LogConfig: Applying CVar settings from Section [Startup] File [../../../Engine/Config/ConsoleVariables.ini]
[2019.01.26-09.49.32:133][  0]LogConfig: Setting CVar [[net.UseAdaptiveNetUpdateFrequency:0]]
[2019.01.26-09.49.32:133][  0]LogConfig: Applying CVar settings from Section [ConsoleVariables] File [D:/Unreal/Obalor/Obalor/Saved/Config/Windows/Engine.ini]
[2019.01.26-09.49.32:134][  0]LogInit: Computer: MSI
[2019.01.26-09.49.32:134][  0]LogInit: User: hayde
[2019.01.26-09.49.32:134][  0]LogInit: CPU Page size=4096, Cores=4
[2019.01.26-09.49.32:134][  0]LogInit: High frequency timer resolution =2.742184 MHz
[2019.01.26-09.49.32:135][  0]LogMemory: Memory total: Physical=7.9GB (8GB approx)
[2019.01.26-09.49.32:135][  0]LogMemory: Platform Memory Stats for Windows
[2019.01.26-09.49.32:135][  0]LogMemory: Process Physical Memory: 103.37 MB used, 103.37 MB peak
[2019.01.26-09.49.32:135][  0]LogMemory: Process Virtual Memory: 89.79 MB used, 89.79 MB peak
[2019.01.26-09.49.32:135][  0]LogMemory: Physical Memory: 6732.28 MB used,  1379.49 MB free, 8111.77 MB total
[2019.01.26-09.49.32:135][  0]LogMemory: Virtual Memory: 4651.22 MB used,  134213080.00 MB free, 134217728.00 MB total
[2019.01.26-09.49.32:356][  0]LogInit: Using OS detected language (en-US).
[2019.01.26-09.49.32:356][  0]LogInit: Using OS detected locale (en-US).
[2019.01.26-09.49.32:359][  0]LogTextLocalizationManager: No specific localization for 'en-US' exists, so the 'en' localization will be used.
[2019.01.26-09.49.32:909][  0]LogStreaming: Display: Took  0.553s to InitEngineTextLocalization.
[2019.01.26-09.49.32:910][  0]LogInit: Setting process to per monitor DPI aware
[2019.01.26-09.49.33:023][  0]LogSlate: New Slate User Created.  User Index 0, Is Virtual User: 0
[2019.01.26-09.49.33:023][  0]LogSlate: Slate User Registered.  User Index 0, Is Virtual User: 0
[2019.01.26-09.49.36:079][  0]LogHMD: Failed to initialize OpenVR with code 110
[2019.01.26-09.49.36:079][  0]LogD3D11RHI: D3D11 adapters:
[2019.01.26-09.49.36:601][  0]LogD3D11RHI:    0. 'NVIDIA GeForce GTX 1050 Ti' (Feature Level 11_0)
[2019.01.26-09.49.36:601][  0]LogD3D11RHI:       4021/0/4055 MB DedicatedVideo/DedicatedSystem/SharedSystem, Outputs:1, VendorId:0x10de
[2019.01.26-09.49.36:612][  0]LogD3D11RHI:    1. 'Intel(R) HD Graphics 630' (Feature Level 11_0)
[2019.01.26-09.49.36:612][  0]LogD3D11RHI:       128/0/4055 MB DedicatedVideo/DedicatedSystem/SharedSystem, Outputs:0, VendorId:0x8086
[2019.01.26-09.49.36:618][  0]LogD3D11RHI:    2. 'Microsoft Basic Render Driver' (Feature Level 11_0)
[2019.01.26-09.49.36:618][  0]LogD3D11RHI:       0/0/4055 MB DedicatedVideo/DedicatedSystem/SharedSystem, Outputs:0, VendorId:0x1414
[2019.01.26-09.49.36:618][  0]LogD3D11RHI: Chosen D3D11 Adapter: 0
[2019.01.26-09.49.36:643][  0]LogD3D11RHI: Creating new Direct3DDevice
[2019.01.26-09.49.36:643][  0]LogD3D11RHI:     GPU DeviceId: 0x1c8c (for the marketing name, search the web for "GPU Device Id")
[2019.01.26-09.49.36:643][  0]LogWindows: EnumDisplayDevices:
[2019.01.26-09.49.36:643][  0]LogWindows:    0. 'Intel(R) HD Graphics 630' (P:1 D:1)
[2019.01.26-09.49.36:644][  0]LogWindows:    1. 'Intel(R) HD Graphics 630' (P:0 D:0)
[2019.01.26-09.49.36:644][  0]LogWindows:    2. 'Intel(R) HD Graphics 630' (P:0 D:0)
[2019.01.26-09.49.36:644][  0]LogWindows: DebugString: PrimaryIsNotTheChoosenAdapter PrimaryIsNotTheChoosenAdapter PrimaryIsNotTheChoosenAdapter FoundDriverCount:0 
[2019.01.26-09.49.36:644][  0]LogD3D11RHI:     Adapter Name: NVIDIA GeForce GTX 1050 Ti
[2019.01.26-09.49.36:644][  0]LogD3D11RHI:   Driver Version: Unknown (internal:Unknown, unified:Unknown)
[2019.01.26-09.49.36:644][  0]LogD3D11RHI:      Driver Date: Unknown
[2019.01.26-09.49.36:645][  0]LogRHI: Texture pool is 2814 MB (70% of 4021 MB)
[2019.01.26-09.49.36:688][  0]LogD3D11RHI: Async texture creation enabled
[2019.01.26-09.49.36:722][  0]LogD3D11RHI: GPU Timing Frequency: 1000.000000 (Debug: 2 2)
[2019.01.26-09.49.37:177][  0]LogTemp: Display: Loaded TP AllDesktopTargetPlatform
[2019.01.26-09.49.37:189][  0]LogTemp: Display: Loaded TP MacClientTargetPlatform
[2019.01.26-09.49.37:203][  0]LogTemp: Display: Loaded TP MacNoEditorTargetPlatform
[2019.01.26-09.49.37:216][  0]LogTemp: Display: Loaded TP MacServerTargetPlatform
[2019.01.26-09.49.37:235][  0]LogTemp: Display: Loaded TP MacTargetPlatform
[2019.01.26-09.49.37:249][  0]LogTemp: Display: Loaded TP WindowsClientTargetPlatform
[2019.01.26-09.49.37:262][  0]LogTemp: Display: Loaded TP WindowsNoEditorTargetPlatform
[2019.01.26-09.49.37:274][  0]LogTemp: Display: Loaded TP WindowsServerTargetPlatform
[2019.01.26-09.49.37:281][  0]LogTemp: Display: Loaded TP WindowsTargetPlatform
[2019.01.26-09.49.37:361][  0]LogTemp: Display: Loaded TP AndroidTargetPlatform
[2019.01.26-09.49.37:361][  0]LogTemp: Display: Loaded TP AndroidTargetPlatform
[2019.01.26-09.49.37:361][  0]LogTemp: Display: Loaded TP AndroidTargetPlatform
[2019.01.26-09.49.37:361][  0]LogTemp: Display: Loaded TP AndroidTargetPlatform
[2019.01.26-09.49.37:361][  0]LogTemp: Display: Loaded TP AndroidTargetPlatform
[2019.01.26-09.49.37:361][  0]LogTemp: Display: Loaded TP AndroidTargetPlatform
[2019.01.26-09.49.37:361][  0]LogTemp: Display: Loaded TP AndroidTargetPlatform
[2019.01.26-09.49.37:361][  0]LogTemp: Display: Loaded TP AndroidTargetPlatform
[2019.01.26-09.49.37:361][  0]LogTemp: Display: Loaded TP AndroidTargetPlatform
[2019.01.26-09.49.37:361][  0]LogTemp: Display: Loaded TP AndroidTargetPlatform
[2019.01.26-09.49.37:361][  0]LogTemp: Display: Loaded TP AndroidTargetPlatform
[2019.01.26-09.49.37:361][  0]LogTemp: Display: Loaded TP AndroidTargetPlatform
[2019.01.26-09.49.37:361][  0]LogTemp: Display: Loaded TP AndroidTargetPlatform
[2019.01.26-09.49.37:361][  0]LogTemp: Display: Loaded TP AndroidTargetPlatform
[2019.01.26-09.49.37:361][  0]LogTemp: Display: Loaded TP AndroidTargetPlatform
[2019.01.26-09.49.37:361][  0]LogTemp: Display: Loaded TP AndroidTargetPlatform
[2019.01.26-09.49.37:361][  0]LogTemp: Display: Loaded TP AndroidTargetPlatform
[2019.01.26-09.49.37:361][  0]LogTemp: Display: Loaded TP AndroidTargetPlatform
[2019.01.26-09.49.37:367][  0]LogTemp: Display: Loaded TP HTML5TargetPlatform
[2019.01.26-09.49.37:451][  0]LogTemp: Display: Loaded TP IOSTargetPlatform
[2019.01.26-09.49.37:451][  0]LogTemp: Display: Loaded TP IOSTargetPlatform
[2019.01.26-09.49.37:476][  0]LogTemp: Display: Loaded TP TVOSTargetPlatform
[2019.01.26-09.49.37:476][  0]LogTemp: Display: Loaded TP TVOSTargetPlatform
[2019.01.26-09.49.37:489][  0]LogTemp: Display: Loaded TP LinuxClientTargetPlatform
[2019.01.26-09.49.37:502][  0]LogTemp: Display: Loaded TP LinuxNoEditorTargetPlatform
[2019.01.26-09.49.37:516][  0]LogTemp: Display: Loaded TP LinuxServerTargetPlatform
[2019.01.26-09.49.37:540][  0]LogTemp: Display: Loaded TP LinuxTargetPlatform
[2019.01.26-09.49.37:589][  0]LogTemp: Display: Loaded TP LuminTargetPlatform
[2019.01.26-09.49.37:589][  0]LogTemp: Display: Loaded TP LuminTargetPlatform
[2019.01.26-09.49.37:589][  0]LogTargetPlatformManager: Display: Building Assets For Windows
[2019.01.26-09.49.37:813][  0]LogShaderCompilers: Guid format shader working directory is 22 characters bigger than the processId version (D:/Unreal/Obalor/Obalor/Intermediate/Shaders/WorkingDirectory/38564/).
[2019.01.26-09.49.37:813][  0]LogShaderCompilers: Cleaned the shader compiler working directory 'C:/Users/hayde/AppData/Local/Temp/UnrealShaderWorkingDir/1B0B74D149075FB96C431DBF70BE0806/'.
[2019.01.26-09.49.37:855][  0]LogXGEController: Cleaning working directory: C:/Users/hayde/AppData/Local/Temp/UnrealXGEWorkingDir/
[2019.01.26-09.49.37:855][  0]LogXGEController: Cannot use XGE Controller as Incredibuild is not installed on this machine.
[2019.01.26-09.49.37:855][  0]LogShaderCompilers: Cannot use XGE Shader Compiler as Incredibuild is not installed on this machine.
[2019.01.26-09.49.37:855][  0]LogShaderCompilers: Display: Using Local Shader Compiler.
[2019.01.26-09.49.40:278][  0]LogDerivedDataCache: Display: Max Cache Size: 512 MB
[2019.01.26-09.49.40:555][  0]LogDerivedDataCache: Loaded boot cache 0.28s 86MB C:/Users/hayde/AppData/Local/UnrealEngine/4.21/DerivedDataCache/Boot.ddc.
[2019.01.26-09.49.40:555][  0]LogDerivedDataCache: Display: Loaded Boot cache: C:/Users/hayde/AppData/Local/UnrealEngine/4.21/DerivedDataCache/Boot.ddc
[2019.01.26-09.49.40:555][  0]LogDerivedDataCache: FDerivedDataBackendGraph:  Pak pak cache file D:/Unreal/Obalor/Obalor/DerivedDataCache/DDC.ddp not found, will not use a pak cache.
[2019.01.26-09.49.40:555][  0]LogDerivedDataCache: Unable to find inner node Pak for hierarchical cache Hierarchy.
[2019.01.26-09.49.40:555][  0]LogDerivedDataCache: FDerivedDataBackendGraph:  CompressedPak pak cache file D:/Unreal/Obalor/Obalor/DerivedDataCache/Compressed.ddp not found, will not use a pak cache.
[2019.01.26-09.49.40:555][  0]LogDerivedDataCache: Unable to find inner node CompressedPak for hierarchical cache Hierarchy.
[2019.01.26-09.49.40:584][  0]LogDerivedDataCache: Display: Pak cache opened for reading ../../../Engine/DerivedDataCache/Compressed.ddp.
[2019.01.26-09.49.40:584][  0]LogDerivedDataCache: FDerivedDataBackendGraph:  EnterprisePak pak cache file ../../../Enterprise/DerivedDataCache/Compressed.ddp not found, will not use a pak cache.
[2019.01.26-09.49.40:584][  0]LogDerivedDataCache: Unable to find inner node EnterprisePak for hierarchical cache Hierarchy.
[2019.01.26-09.49.40:597][  0]LogDerivedDataCache: Using Local data cache path C:/Users/hayde/AppData/Local/UnrealEngine/Common/DerivedDataCache: Writable
[2019.01.26-09.49.40:597][  0]LogDerivedDataCache: Shared data cache path not found in *engine.ini, will not use an Shared cache.
[2019.01.26-09.49.40:597][  0]LogDerivedDataCache: Unable to find inner node Shared for hierarchical cache Hierarchy.
[2019.01.26-09.49.40:624][  0]LogMaterial: Verifying Global Shaders for PCD3D_SM5
[2019.01.26-09.49.40:631][  0]LogSlate: Using FreeType 2.6.0
[2019.01.26-09.49.40:654][  0]LogSlate: SlateFontServices - WITH_FREETYPE: 1, WITH_HARFBUZZ: 1
[2019.01.26-09.49.40:987][  0]LogAssetRegistry: FAssetRegistry took 0.0358 seconds to start up
[2019.01.26-09.49.41:450][  0]LogInit: Selected Device Profile: [Windows]
[2019.01.26-09.49.41:705][  0]LogSimplygon: Simplygon DLL not present - disabling.
[2019.01.26-09.49.41:723][  0]LogMeshReduction: Using SimplygonSwarm for distributed automatic mesh merging
[2019.01.26-09.49.41:723][  0]LogMeshReduction: Using ProxyLODMeshReduction for automatic mesh merging
[2019.01.26-09.49.41:724][  0]LogMeshReduction: Using QuadricMeshReduction for automatic static mesh reduction
[2019.01.26-09.49.41:724][  0]LogMeshReduction: No automatic skeletal mesh reduction module available
[2019.01.26-09.49.41:889][  0]LogNetVersion: Obalor 1.0.0, NetCL: 4541578, EngineNetVer: 5, GameNetVer: 0 (Checksum: 814468185)
[2019.01.26-09.49.43:588][  0]LogPackageLocalizationCache: Processed 11 localized package path(s) for 2 prioritized culture(s) in 0.173837 seconds
[2019.01.26-09.49.43:594][  0]LogUObjectArray: 39775 objects as part of root set at end of initial load.
[2019.01.26-09.49.43:594][  0]LogUObjectAllocator: 6914664 out of 0 bytes used by permanent object pool.
[2019.01.26-09.49.43:594][  0]LogUObjectArray: CloseDisregardForGC: 0/0 objects in disregard for GC pool
[2019.01.26-09.49.48:247][  0]LogTcpMessaging: Initializing TcpMessaging bridge
[2019.01.26-09.49.48:262][  0]LogUdpMessaging: Initializing bridge on interface 0.0.0.0:0 to multicast group 230.0.0.1:6666.
[2019.01.26-09.49.49:307][  0]SourceControl: Source control is disabled
[2019.01.26-09.49.49:307][  0]SourceControl: Source control is disabled
[2019.01.26-09.49.49:316][  0]SourceControl: Source control is disabled
[2019.01.26-09.49.49:319][  0]SourceControl: Source control is disabled
[2019.01.26-09.49.49:773][  0]LogAndroidPermission: UAndroidPermissionCallbackProxy::GetInstance
[2019.01.26-09.49.49:864][  0]LogOcInput: OculusInput pre-init called
[2019.01.26-09.49.50:110][  0]LogEngine: Initializing Engine...
[2019.01.26-09.49.50:112][  0]LogHMD: Failed to initialize OpenVR with code 110
[2019.01.26-09.49.50:115][  0]LogStats: UGameplayTagsManager::ConstructGameplayTagTree: ImportINI prefixes -  0.000 s
[2019.01.26-09.49.50:115][  0]LogStats: UGameplayTagsManager::ConstructGameplayTagTree: Construct from data asset -  0.000 s
[2019.01.26-09.49.50:115][  0]LogStats: UGameplayTagsManager::ConstructGameplayTagTree: ImportINI -  0.000 s
[2019.01.26-09.49.50:115][  0]LogStats: UGameplayTagsManager::ConstructGameplayTagTree: GameplayTagTreeChangedEvent.Broadcast -  0.000 s
[2019.01.26-09.49.50:604][  0]LogInit: Initializing FReadOnlyCVARCache
[2019.01.26-09.49.50:663][  0]LogAIModule: Creating AISystem for world Untitled
[2019.01.26-09.49.50:691][  0]LogInit: XAudio2 using 'Speakers (Realtek High Definition Audio)' : 2 channels at 48 kHz using 32 bits per sample (channel mask 0x3)
[2019.01.26-09.49.50:721][  0]LogInit: FAudioDevice initialized.
[2019.01.26-09.49.50:721][  0]LogNetVersion: Set ProjectVersion to 1.0.0.0. Version Checksum will be recalculated on next use.
[2019.01.26-09.49.50:843][  0]LogDerivedDataCache: Saved boot cache 0.12s 71MB C:/Users/hayde/AppData/Local/UnrealEngine/4.21/DerivedDataCache/Boot.ddc.
[2019.01.26-09.49.50:849][  0]LogInit: Texture streaming: Enabled
[2019.01.26-09.49.50:873][  0]LogEngineSessionManager: EngineSessionManager initialized
[2019.01.26-09.49.50:903][  0]LogInit: Transaction tracking system initialized
[2019.01.26-09.49.50:954][  0]BlueprintLog: New page: Editor Load
[2019.01.26-09.49.51:169][  0]LocalizationService: Localization service is disabled
[2019.01.26-09.49.52:026][  0]LogFileCache: Scanning file cache for directory 'D:/Unreal/Obalor/Obalor/Content/' took 0.02s
[2019.01.26-09.49.52:026][  0]LogCook: Display: Max memory allowance for cook 16384mb min free memory 0mb
[2019.01.26-09.49.52:026][  0]LogCook: Display: Mobile HDR setting 1
[2019.01.26-09.49.52:027][  0]LogGameplayTags: Display: UGameplayTagsManager::DoneAddingNativeTags. DelegateIsBound: 0
[2019.01.26-09.49.52:027][  0]LogStats: UGameplayTagsManager::ConstructGameplayTagTree: ImportINI prefixes -  0.000 s
[2019.01.26-09.49.52:027][  0]LogStats: UGameplayTagsManager::ConstructGameplayTagTree: Construct from data asset -  0.000 s
[2019.01.26-09.49.52:027][  0]LogStats: UGameplayTagsManager::ConstructGameplayTagTree: ImportINI -  0.000 s
[2019.01.26-09.49.52:027][  0]LogStats: UGameplayTagsManager::ConstructGameplayTagTree: GameplayTagTreeChangedEvent.Broadcast -  0.000 s
[2019.01.26-09.49.52:384][  0]SourceControl: Source control is disabled
[2019.01.26-09.49.52:521][  0]LogSlate: Took 0.025345 seconds to synchronously load lazily loaded font '../../../Engine/Content/Slate/Fonts/Roboto-Regular.ttf' (155K)
[2019.01.26-10.06.08:686][  0]LogSlate: Window 'Restore Packages' being destroyed
[2019.01.26-10.06.11:079][  0]LogSlate: Window 'Unable to Check Out From Source Control!' being destroyed
[2019.01.26-10.06.11:080][  0]LogWindowsTextInputMethodSystem: Display: IME system now deactivated.
[2019.01.26-10.06.11:384][  0]LogWindowsTextInputMethodSystem: Display: IME system now deactivated.
[2019.01.26-10.06.11:386][  0]Cmd: MAP LOAD FILE="D:/Unreal/Obalor/Obalor/Content/ThirdPersonBP/Maps/ThirdPersonExampleMap.umap" TEMPLATE=0 SHOWPROGRESS=1 FEATURELEVEL=3
[2019.01.26-10.06.11:389][  0]LightingResults: New page: Lighting Build
[2019.01.26-10.06.11:412][  0]MapCheck: New page: Map Check
[2019.01.26-10.06.11:412][  0]LightingResults: New page: Lighting Build
[2019.01.26-10.06.17:746][  0]LogTexture: Display: Building textures: Texture2D_0 (BGRA8, 512X512)
[2019.01.26-10.06.17:746][  0]LogTexture: Display: Building textures: HQ_Lightmap0_7 (AutoDXT, 64X64)
[2019.01.26-10.06.17:746][  0]LogTexture: Display: Building textures: HQ_Lightmap0_6 (AutoDXT, 512X512)
[2019.01.26-10.06.17:746][  0]LogTexture: Display: Building textures: HQ_Lightmap0_1 (AutoDXT, 1024X1024)
[2019.01.26-10.06.17:746][  0]LogTexture: Display: Building textures: HQ_Lightmap0_3 (AutoDXT, 1024X1024)
[2019.01.26-10.06.17:746][  0]LogTexture: Display: Building textures: HQ_Lightmap0_2 (AutoDXT, 1024X1024)
[2019.01.26-10.06.17:746][  0]LogTexture: Display: Building textures: HQ_Lightmap1_5 (AutoDXT, 1024X1024)
[2019.01.26-10.06.17:746][  0]LogTexture: Display: Building textures: HQ_Lightmap0_4 (AutoDXT, 1024X1024)
[2019.01.26-10.06.17:746][  0]LogTexture: Display: Building textures: LQ_Lightmap_0_1 (DXT1, 1024X1024)
[2019.01.26-10.06.17:746][  0]LogTexture: Display: Building textures: LQ_Lightmap_0_2 (DXT1, 1024X1024)
[2019.01.26-10.06.17:770][  0]LogTexture: Display: Building textures: LQ_Lightmap_0_3 (DXT1, 1024X1024)
[2019.01.26-10.06.17:770][  0]LogStaticMesh: Building static mesh ScaleTile...
[2019.01.26-10.06.17:814][  0]LogStaticMesh: Built static mesh [0.04s] /Game/LevelAssets/ScaleTile.ScaleTile
[2019.01.26-10.06.18:152][  0]LogTexture: Display: Building textures: LQ_Lightmap_0_4 (DXT1, 1024X1024)
[2019.01.26-10.06.18:152][  0]LogTexture: Display: Building textures: LQ_Lightmap_0_6 (DXT1, 512X512)
[2019.01.26-10.06.18:152][  0]LogTexture: Display: Building textures: LQ_Lightmap_0_7 (DXT1, 64X64)
[2019.01.26-10.06.18:152][  0]LogTexture: Display: Building textures: LQ_Lightmap_1_5 (DXT1, 1024X1024)
[2019.01.26-10.06.18:152][  0]LogTexture: Display: Building textures: SkyOcclusion0_1 (AutoDXT, 1024X512)
[2019.01.26-10.06.18:152][  0]LogTexture: Display: Building textures: SkyOcclusion0_2 (AutoDXT, 1024X512)
[2019.01.26-10.06.18:703][  0]LogTexture: Display: Building textures: SkyOcclusion0_3 (AutoDXT, 1024X512)
[2019.01.26-10.06.18:703][  0]LogTexture: Display: Building textures: SkyOcclusion0_4 (AutoDXT, 1024X512)
[2019.01.26-10.06.18:703][  0]LogTexture: Display: Building textures: SkyOcclusion0_6 (AutoDXT, 512X256)
[2019.01.26-10.06.18:703][  0]LogTexture: Display: Building textures: SkyOcclusion0_7 (AutoDXT, 64X32)
[2019.01.26-10.06.18:703][  0]LogTexture: Display: Building textures: ShadowMapTexture2D_10 (G8, 1024X1024)
[2019.01.26-10.06.18:703][  0]LogTexture: Display: Building textures: SkyOcclusion1_5 (AutoDXT, 1024X512)
[2019.01.26-10.06.18:703][  0]LogTexture: Display: Building textures: ShadowMapTexture2D_11 (G8, 1024X1024)
[2019.01.26-10.06.18:703][  0]LogTexture: Display: Building textures: ShadowMapTexture2D_12 (G8, 1024X1024)
[2019.01.26-10.06.18:703][  0]LogTexture: Display: Building textures: ShadowMapTexture2D_13 (G8, 256X256)
[2019.01.26-10.06.18:703][  0]LogTexture: Display: Building textures: ShadowMapTexture2D_14 (G8, 32X32)
[2019.01.26-10.06.18:703][  0]LogAIModule: Creating AISystem for world ThirdPersonExampleMap
[2019.01.26-10.06.18:912][  0]LogEditorServer: Finished looking for orphan Actors (0.000 secs)
[2019.01.26-10.06.18:962][  0]Cmd: MAP CHECKDEP NOCLEARLOG
[2019.01.26-10.06.18:963][  0]MapCheck: Map check complete: 0 Error(s), 0 Warning(s), took 0.291ms to complete.
[2019.01.26-10.06.18:963][  0]LogFileHelpers: Loading map 'ThirdPersonExampleMap' took 7.578
[2019.01.26-10.06.19:161][  0]LogCollectionManager: Loaded 0 collections in 0.002227 seconds
[2019.01.26-10.06.19:212][  0]LogFileCache: Scanning file cache for directory 'D:/Unreal/Obalor/Obalor/Saved/Collections/' took 0.01s
[2019.01.26-10.06.19:212][  0]LogFileCache: Scanning file cache for directory 'D:/Unreal/Obalor/Obalor/Content/Developers/hayde/Collections/' took 0.01s
[2019.01.26-10.06.19:212][  0]LogFileCache: Scanning file cache for directory 'D:/Unreal/Obalor/Obalor/Content/Collections/' took 0.00s
[2019.01.26-10.06.19:212][  0]LogCollectionManager: Rebuilt the GUID cache for 0 collections in 0.000001 seconds
[2019.01.26-10.06.19:227][  0]LogContentBrowser: Native class hierarchy populated in 0.0136 seconds. Added 2651 classes and 620 folders.
[2019.01.26-10.06.19:245][  0]LogContentBrowser: Native class hierarchy updated for 'WidgetCarousel' in 0.0004 seconds. Added 0 classes and 0 folders.
[2019.01.26-10.06.19:262][  0]LogPakFile: Registered encryption key '00000000000000000000000000000000': 0 pak files mounted, 0 remain pending
[2019.01.26-10.06.19:273][  0]LogPakFile: Registered encryption key '00000000000000000000000000000000': 0 pak files mounted, 0 remain pending
[2019.01.26-10.06.19:297][  0]LogPakFile: Registered encryption key '00000000000000000000000000000000': 0 pak files mounted, 0 remain pending
[2019.01.26-10.06.19:303][  0]LogPakFile: Registered encryption key '00000000000000000000000000000000': 0 pak files mounted, 0 remain pending
[2019.01.26-10.06.19:310][  0]LogPakFile: Registered encryption key '00000000000000000000000000000000': 0 pak files mounted, 0 remain pending
[2019.01.26-10.06.19:316][  0]LogPakFile: Registered encryption key '00000000000000000000000000000000': 0 pak files mounted, 0 remain pending
[2019.01.26-10.06.19:323][  0]LogPakFile: Registered encryption key '00000000000000000000000000000000': 0 pak files mounted, 0 remain pending
[2019.01.26-10.06.19:330][  0]LogPakFile: Registered encryption key '00000000000000000000000000000000': 0 pak files mounted, 0 remain pending
[2019.01.26-10.06.19:338][  0]LogPakFile: Registered encryption key '00000000000000000000000000000000': 0 pak files mounted, 0 remain pending
[2019.01.26-10.06.19:362][  0]LogPakFile: Registered encryption key '00000000000000000000000000000000': 0 pak files mounted, 0 remain pending
[2019.01.26-10.06.19:369][  0]LogPakFile: Registered encryption key '00000000000000000000000000000000': 0 pak files mounted, 0 remain pending
[2019.01.26-10.06.19:377][  0]LogPakFile: Registered encryption key '00000000000000000000000000000000': 0 pak files mounted, 0 remain pending
[2019.01.26-10.06.19:386][  0]LogPakFile: Registered encryption key '00000000000000000000000000000000': 0 pak files mounted, 0 remain pending
[2019.01.26-10.06.19:394][  0]LogPakFile: Registered encryption key '00000000000000000000000000000000': 0 pak files mounted, 0 remain pending
[2019.01.26-10.06.19:401][  0]LogPakFile: Registered encryption key '00000000000000000000000000000000': 0 pak files mounted, 0 remain pending
[2019.01.26-10.06.19:408][  0]LogPakFile: Registered encryption key '00000000000000000000000000000000': 0 pak files mounted, 0 remain pending
[2019.01.26-10.06.19:457][  0]LogPakFile: Registered encryption key '00000000000000000000000000000000': 0 pak files mounted, 0 remain pending
[2019.01.26-10.06.19:464][  0]LogPakFile: Registered encryption key '00000000000000000000000000000000': 0 pak files mounted, 0 remain pending
[2019.01.26-10.06.19:472][  0]LogPakFile: Registered encryption key '00000000000000000000000000000000': 0 pak files mounted, 0 remain pending
[2019.01.26-10.06.19:481][  0]LogPakFile: Registered encryption key '00000000000000000000000000000000': 0 pak files mounted, 0 remain pending
[2019.01.26-10.06.19:532][  0]LogPakFile: Registered encryption key '00000000000000000000000000000000': 0 pak files mounted, 0 remain pending
[2019.01.26-10.06.19:539][  0]LogPakFile: Registered encryption key '00000000000000000000000000000000': 0 pak files mounted, 0 remain pending
[2019.01.26-10.06.19:548][  0]LogPakFile: Registered encryption key '00000000000000000000000000000000': 0 pak files mounted, 0 remain pending
[2019.01.26-10.06.19:558][  0]LogPakFile: Registered encryption key '00000000000000000000000000000000': 0 pak files mounted, 0 remain pending
[2019.01.26-10.06.19:565][  0]LogPakFile: Registered encryption key '00000000000000000000000000000000': 0 pak files mounted, 0 remain pending
[2019.01.26-10.06.19:574][  0]LogPakFile: Registered encryption key '00000000000000000000000000000000': 0 pak files mounted, 0 remain pending
[2019.01.26-10.06.19:807][  0]LogContentBrowser: Native class hierarchy updated for 'AddContentDialog' in 0.0005 seconds. Added 0 classes and 0 folders.
[2019.01.26-10.06.19:834][  0]LogContentBrowser: Native class hierarchy updated for 'SceneOutliner' in 0.0003 seconds. Added 1 classes and 2 folders.
[2019.01.26-10.06.19:981][  0]LogSlate: Updating window title bar state: overlay mode, drag disabled, window buttons hidden, title bar hidden
[2019.01.26-10.06.19:990][  0]LogSlate: Updating window title bar state: overlay mode, drag disabled, window buttons hidden, title bar hidden
[2019.01.26-10.06.19:996][  0]LogSlate: Updating window title bar state: overlay mode, drag disabled, window buttons hidden, title bar hidden
[2019.01.26-10.06.20:003][  0]LogSlate: Updating window title bar state: overlay mode, drag disabled, window buttons hidden, title bar hidden
[2019.01.26-10.06.20:027][  0]LogSlate: Took 0.007018 seconds to synchronously load lazily loaded font '../../../Engine/Content/Slate/Fonts/Roboto-Bold.ttf' (160K)
[2019.01.26-10.06.20:197][  0]LogRenderer: Reallocating scene render targets to support 1176x712 Format 10 NumSamples 1 (Frame:1).
[2019.01.26-10.06.20:444][  0]LogContentBrowser: Native class hierarchy updated for 'HierarchicalLODOutliner' in 0.0003 seconds. Added 0 classes and 0 folders.
[2019.01.26-10.06.20:444][  0]LogLoad: (Engine Initialization) Total time: 1014.33 seconds
[2019.01.26-10.06.20:444][  0]LogLoad: (Engine Initialization) Total Blueprint compile time: 0.00 seconds
[2019.01.26-10.06.20:533][  0]LogContentStreaming: Texture pool size now 1000 MB
[2019.01.26-10.06.20:629][  2]LogAssetRegistry: Asset discovery search completed in 999.6672 seconds
[2019.01.26-10.06.20:632][  2]LogCollectionManager: Rebuilt the object cache for 0 collections in 0.000000 seconds (found 0 objects)
[2019.01.26-10.06.20:632][  2]LogCollectionManager: Fixed up redirectors for 0 collections in 0.000122 seconds (updated 0 objects)
[2019.01.26-10.06.28:634][478]LogSlate: FSceneViewport::OnFocusLost() reason 0
[2019.01.26-10.06.28:644][478]LogSlate: Took 0.009859 seconds to synchronously load lazily loaded font '../../../Engine/Content/Editor/Slate/Fonts/FontAwesome.ttf' (139K)
[2019.01.26-10.06.28:659][478]LogSlate: Took 0.006633 seconds to synchronously load lazily loaded font '../../../Engine/Content/Slate/Fonts/Roboto-Light.ttf' (167K)
[2019.01.26-10.06.33:055][738]LogSlate: Took 0.000263 seconds to synchronously load lazily loaded font '../../../Engine/Content/Slate/Fonts/Roboto-Light.ttf' (167K)
[2019.01.26-10.06.33:365][738]LogAIModule: Creating AISystem for world FirstMapTest
[2019.01.26-10.06.33:393][738]LogAssetEditorManager: Opening Asset editor for World /Game/ThirdPersonBP/Maps/FirstMapTest.FirstMapTest
[2019.01.26-10.06.33:419][738]Cmd: MAP LOAD FILE="D:/Unreal/Obalor/Obalor/Content/ThirdPersonBP/Maps/FirstMapTest.umap" TEMPLATE=0 SHOWPROGRESS=1 FEATURELEVEL=3
[2019.01.26-10.06.33:420][738]LightingResults: New page: Lighting Build
[2019.01.26-10.06.33:420][738]LoadErrors: New page: Loading map: FirstMapTest.umap
[2019.01.26-10.06.33:422][738]MapCheck: New page: Map Check
[2019.01.26-10.06.33:422][738]LightingResults: New page: Lighting Build
[2019.01.26-10.06.34:486][738]LogEditorServer: Finished looking for orphan Actors (0.000 secs)
[2019.01.26-10.06.34:529][738]Cmd: MAP CHECKDEP NOCLEARLOG
[2019.01.26-10.06.34:529][738]MapCheck: Map check complete: 0 Error(s), 0 Warning(s), took 0.096ms to complete.
[2019.01.26-10.06.34:529][738]LogFileHelpers: Loading map 'FirstMapTest' took 1.112
[2019.01.26-10.08.27:166][464]LogSlate: FSceneViewport::OnFocusLost() reason 0
[2019.01.26-10.08.29:402][598]LogEditorViewport: Clicking on Actor (LMB): BP_Sky_Sphere_C (SkySphereBlueprint)
[2019.01.26-10.08.30:936][686]LogSlate: FSceneViewport::OnFocusLost() reason 0
[2019.01.26-10.08.31:090][694]LogRenderer: Reallocating scene render targets to support 1184x712 Format 10 NumSamples 1 (Frame:6968).
[2019.01.26-10.08.31:141][695]LogRenderer: Reallocating scene render targets to support 1200x712 Format 10 NumSamples 1 (Frame:6970).
[2019.01.26-10.08.31:189][696]LogRenderer: Reallocating scene render targets to support 1212x712 Format 10 NumSamples 1 (Frame:6972).
[2019.01.26-10.08.31:239][697]LogRenderer: Reallocating scene render targets to support 1228x712 Format 10 NumSamples 1 (Frame:6974).
[2019.01.26-10.08.31:292][698]LogRenderer: Reallocating scene render targets to support 1264x712 Format 10 NumSamples 1 (Frame:6976).
[2019.01.26-10.08.31:861][729]LogRenderer: Reallocating scene render targets to support 1268x712 Format 10 NumSamples 1 (Frame:6980).
[2019.01.26-10.08.33:920][842]LogSlate: Took 0.007537 seconds to synchronously load lazily loaded font '../../../Engine/Content/Slate/Fonts/DroidSansMono.ttf' (77K)
[2019.01.26-10.10.08:506][431]Cmd: CAMERA ALIGN ACTIVEVIEWPORTONLY
[2019.01.26-10.10.13:321][719]LogSlate: FSceneViewport::OnFocusLost() reason 0
[2019.01.26-10.10.13:652][729]Cmd: CAMERA ALIGN ACTIVEVIEWPORTONLY
[2019.01.26-10.10.15:244][820]LogEditorViewport: Clicking on Actor (context menu): Landscape (Landscape)
[2019.01.26-10.10.15:331][820]LogSlate: FSceneViewport::OnFocusLost() reason 2
[2019.01.26-10.10.15:641][836]LogEditorViewport: Clicking on Actor (LMB): Landscape (Landscape)
[2019.01.26-10.10.19:130][ 37]LogEditorViewport: Clicking on Actor (LMB): TextRenderActor (TextRenderActor)
[2019.01.26-10.10.20:430][113]Cmd: DELETE
[2019.01.26-10.10.20:430][113]Cmd: ACTOR DELETE
[2019.01.26-10.10.20:461][113]LogEditorActor: Deleted Actor: TextRenderActor
[2019.01.26-10.10.20:485][113]LogEditorActor: Deleted 1 Actors (0.047 secs)
[2019.01.26-10.10.25:700][426]LogEditorViewport: Clicking on Actor (LMB): DocumentationActor (DocumentationActor1)
[2019.01.26-10.10.28:570][597]Cmd: DELETE
[2019.01.26-10.10.28:570][597]Cmd: ACTOR DELETE
[2019.01.26-10.10.28:581][597]LogEditorActor: Deleted Actor: DocumentationActor
[2019.01.26-10.10.28:604][597]LogEditorActor: Deleted 1 Actors (0.033 secs)
[2019.01.26-10.11.21:353][762]LogEditorViewport: Clicking on Actor (LMB): ThirdPersonCharacter_C (ThirdPersonCharacter)
[2019.01.26-10.11.30:732][307]LogSlate: FSceneViewport::OnFocusLost() reason 0
[2019.01.26-10.11.32:121][356]LogTexture: Display: Building textures: Texture2D_2 (G8, 128X128)
[2019.01.26-10.11.40:916][874]Cmd: TRANSACTION UNDO
[2019.01.26-10.11.40:916][874]LogEditorTransaction: Undo Landscape Editing: Sculpt
[2019.01.26-10.11.45:175][122]LogSlate: FSceneViewport::OnFocusLost() reason 0
[2019.01.26-10.12.03:960][248]Cmd: SELECT NONE
[2019.01.26-10.12.06:395][394]Cmd: SELECT NONE
[2019.01.26-10.16.33:183][394]LogSlate: FSceneViewport::OnFocusLost() reason 2
[2019.01.26-10.16.33:593][394]LogTexture: Display: Building textures: Texture2D_0 (BGRA8, 512X512)
[2019.01.26-10.16.33:932][394]LogSavePackage: Moving 'D:/Unreal/Obalor/Obalor/Saved/FirstMapTest_Auto1451121EB403F3605F005BDB61D89C995.tmp' to 'D:/Unreal/Obalor/Obalor/Saved/Autosaves/Game/ThirdPersonBP/Maps/FirstMapTest_Auto1.umap'
[2019.01.26-10.16.33:940][394]LogFileHelpers: Editor autosave (incl. sublevels) for '/Game/ThirdPersonBP/Maps/FirstMapTest' took 0.723
[2019.01.26-10.16.33:940][394]LogFileHelpers: Editor autosave (incl. sublevels) for all levels took 0.723
[2019.01.26-10.16.36:288][531]Cmd: TRANSACTION UNDO
[2019.01.26-10.16.36:288][531]LogEditorTransaction: Undo Select None
[2019.01.26-10.16.39:172][702]LogSlate: FSceneViewport::OnFocusLost() reason 0
[2019.01.26-10.16.40:379][774]LogEditorViewport: Clicking on Actor (LMB): ThirdPersonCharacter_C (ThirdPersonCharacter)
[2019.01.26-10.16.51:950][444]LogSlate: FSceneViewport::OnFocusLost() reason 0
[2019.01.26-10.16.58:681][845]LogSlate: FSceneViewport::OnFocusLost() reason 2
[2019.01.26-10.26.34:166][343]LogSlate: FSceneViewport::OnFocusLost() reason 2
[2019.01.26-10.26.34:376][343]LogTexture: Display: Building textures: Texture2D_0 (BGRA8, 512X512)
[2019.01.26-10.26.34:589][343]LogSavePackage: Moving 'D:/Unreal/Obalor/Obalor/Saved/FirstMapTest_Auto2556A57994B08A051E384B4B07E242192.tmp' to 'D:/Unreal/Obalor/Obalor/Saved/Autosaves/Game/ThirdPersonBP/Maps/FirstMapTest_Auto2.umap'
[2019.01.26-10.26.34:617][343]LogFileHelpers: Editor autosave (incl. sublevels) for '/Game/ThirdPersonBP/Maps/FirstMapTest' took 0.419
[2019.01.26-10.26.34:617][343]LogFileHelpers: Editor autosave (incl. sublevels) for all levels took 0.419
[2019.01.26-10.33.55:330][452]Cmd: TRANSACTION UNDO
[2019.01.26-10.33.55:330][452]LogEditorTransaction: Undo Landscape Editing: Flatten
[2019.01.26-10.34.01:783][824]Cmd: TRANSACTION UNDO
[2019.01.26-10.34.01:783][824]LogEditorTransaction: Undo Landscape Editing: Flatten
[2019.01.26-10.34.01:817][824]LogTexture: Display: Building textures: Texture2D_0 (BGRA8, 512X512)
[2019.01.26-10.34.08:508][221]Cmd: POLY SELECT ALL
[2019.01.26-10.34.12:895][479]LogSlate: FSceneViewport::OnFocusLost() reason 2
[2019.01.26-10.34.35:192][799]LogSlate: FSceneViewport::OnFocusLost() reason 2
[2019.01.26-10.34.42:671][246]Cmd: TRANSACTION UNDO
[2019.01.26-10.34.42:671][246]LogEditorTransaction: Undo Landscape Editing: Sculpt
[2019.01.26-10.34.42:700][246]LogTexture: Display: Building textures: Texture2D_0 (BGRA8, 512X512)
[2019.01.26-10.34.46:009][442]Cmd: TRANSACTION UNDO
[2019.01.26-10.34.46:009][442]LogEditorTransaction: Undo Landscape Editing: Sculpt
[2019.01.26-10.34.46:033][442]LogTexture: Display: Building textures: Texture2D_0 (BGRA8, 512X512)
[2019.01.26-10.34.50:899][731]LogSlate: FSceneViewport::OnFocusLost() reason 2
[2019.01.26-10.34.54:981][975]LogSlate: FSceneViewport::OnFocusLost() reason 2
[2019.01.26-10.35.02:124][403]LogSlate: FSceneViewport::OnFocusLost() reason 0
[2019.01.26-10.35.02:188][407]LogTemp: Repeating last play command: Selected Viewport
[2019.01.26-10.35.02:202][407]LogBlueprintUserMessages: Early PlayInEditor Detection: Level '/Game/ThirdPersonBP/Maps/FirstMapTest.FirstMapTest:PersistentLevel' has LevelScriptBlueprint '/Game/ThirdPersonBP/Maps/FirstMapTest.FirstMapTest:PersistentLevel.FirstMapTest' with GeneratedClass '/Game/ThirdPersonBP/Maps/FirstMapTest.FirstMapTest_C' with ClassGeneratedBy '/Game/ThirdPersonBP/Maps/FirstMapTest.FirstMapTest:PersistentLevel.FirstMapTest'
[2019.01.26-10.35.02:205][407]LogPlayLevel: PlayLevel: No blueprints needed recompiling
[2019.01.26-10.35.02:207][407]PIE: New page: PIE session: FirstMapTest (Jan 25, 2019, 8:35:02 PM)
[2019.01.26-10.35.02:225][407]LogPlayLevel: Creating play world package: /Game/ThirdPersonBP/Maps/UEDPIE_0_FirstMapTest
[2019.01.26-10.35.02:263][407]LogPlayLevel: PIE: StaticDuplicateObject took: (0.037954s)
[2019.01.26-10.35.02:265][407]LogAIModule: Creating AISystem for world FirstMapTest
[2019.01.26-10.35.02:266][407]LogPlayLevel: PIE: World Init took: (0.002313s)
[2019.01.26-10.35.02:266][407]LogPlayLevel: PIE: Created PIE world by copying editor world from /Game/ThirdPersonBP/Maps/FirstMapTest.FirstMapTest to /Game/ThirdPersonBP/Maps/UEDPIE_0_FirstMapTest.FirstMapTest (0.041059s)
[2019.01.26-10.35.02:437][407]LogInit: XAudio2 using 'Speakers (Realtek High Definition Audio)' : 2 channels at 48 kHz using 32 bits per sample (channel mask 0x3)
[2019.01.26-10.35.02:445][407]LogInit: FAudioDevice initialized.
[2019.01.26-10.35.02:547][407]LogLoad: Game class is 'ThirdPersonGameMode_C'
[2019.01.26-10.35.02:557][407]LogWorld: Bringing World /Game/ThirdPersonBP/Maps/UEDPIE_0_FirstMapTest.FirstMapTest up for play (max tick rate 60) at 2019.01.26-03.35.02
[2019.01.26-10.35.02:559][407]LogWorld: Bringing up level for play took: 0.005868
[2019.01.26-10.35.02:590][407]LogContentBrowser: Native class hierarchy updated for 'MovieSceneCapture' in 0.0005 seconds. Added 20 classes and 0 folders.
[2019.01.26-10.35.02:593][407]PIE: Play in editor start time for /Game/ThirdPersonBP/Maps/UEDPIE_0_FirstMapTest 0.033
[2019.01.26-10.35.02:593][407]LogBlueprintUserMessages: Late PlayInEditor Detection: Level '/Game/ThirdPersonBP/Maps/FirstMapTest.FirstMapTest:PersistentLevel' has LevelScriptBlueprint '/Game/ThirdPersonBP/Maps/FirstMapTest.FirstMapTest:PersistentLevel.FirstMapTest' with GeneratedClass '/Game/ThirdPersonBP/Maps/FirstMapTest.FirstMapTest_C' with ClassGeneratedBy '/Game/ThirdPersonBP/Maps/FirstMapTest.FirstMapTest:PersistentLevel.FirstMapTest'
[2019.01.26-10.35.38:792][577]LogBlueprintUserMessages: Early EndPlayMap Detection: Level '/Game/ThirdPersonBP/Maps/FirstMapTest.FirstMapTest:PersistentLevel' has LevelScriptBlueprint '/Game/ThirdPersonBP/Maps/FirstMapTest.FirstMapTest:PersistentLevel.FirstMapTest' with GeneratedClass '/Game/ThirdPersonBP/Maps/FirstMapTest.FirstMapTest_C' with ClassGeneratedBy '/Game/ThirdPersonBP/Maps/FirstMapTest.FirstMapTest:PersistentLevel.FirstMapTest'
[2019.01.26-10.35.38:794][577]LogSlate: Updating window title bar state: overlay mode, drag disabled, window buttons hidden, title bar hidden
[2019.01.26-10.35.38:833][577]LogPlayLevel: Display: Shutting down PIE online subsystems
[2019.01.26-10.35.38:834][577]LogBlueprintUserMessages: Late EndPlayMap Detection: Level '/Game/ThirdPersonBP/Maps/FirstMapTest.FirstMapTest:PersistentLevel' has LevelScriptBlueprint '/Game/ThirdPersonBP/Maps/FirstMapTest.FirstMapTest:PersistentLevel.FirstMapTest' with GeneratedClass '/Game/ThirdPersonBP/Maps/FirstMapTest.FirstMapTest_C' with ClassGeneratedBy '/Game/ThirdPersonBP/Maps/FirstMapTest.FirstMapTest:PersistentLevel.FirstMapTest'
[2019.01.26-10.35.38:861][577]LogSlate: Updating window title bar state: overlay mode, drag disabled, window buttons hidden, title bar hidden
[2019.01.26-10.35.38:907][579]LogPlayLevel: Display: Destroying online subsystem :Context_2
[2019.01.26-10.36.00:651][881]LogSlate: FSceneViewport::OnFocusLost() reason 2
[2019.01.26-10.36.03:912][ 76]LogSlate: FSceneViewport::OnFocusLost() reason 0
[2019.01.26-10.36.32:646][793]LogSlate: FSceneViewport::OnFocusLost() reason 2
[2019.01.26-10.37.16:202][385]Cmd: TRANSACTION UNDO
[2019.01.26-10.37.16:202][385]LogEditorTransaction: Undo Landscape Editing: Smooth
[2019.01.26-10.37.16:231][385]LogTexture: Display: Building textures: Texture2D_0 (BGRA8, 512X512)
[2019.01.26-10.37.37:819][661]LogSlate: FSceneViewport::OnFocusLost() reason 2
[2019.01.26-10.37.52:373][525]LogSlate: FSceneViewport::OnFocusLost() reason 0
[2019.01.26-10.38.40:770][409]LogSlate: FSceneViewport::OnFocusLost() reason 2
[2019.01.26-10.39.04:892][815]LogSlate: FSceneViewport::OnFocusLost() reason 2
[2019.01.26-10.39.15:681][455]LogSlate: FSceneViewport::OnFocusLost() reason 2
[2019.01.26-10.39.57:108][903]LogSlate: FSceneViewport::OnFocusLost() reason 2
[2019.01.26-10.40.30:340][884]LogSlate: FSceneViewport::OnFocusLost() reason 2
[2019.01.26-10.40.49:952][ 38]LogSlate: FSceneViewport::OnFocusLost() reason 0
[2019.01.26-10.40.50:054][ 44]LogTemp: Repeating last play command: Selected Viewport
[2019.01.26-10.40.50:072][ 44]LogBlueprintUserMessages: Early PlayInEditor Detection: Level '/Game/ThirdPersonBP/Maps/FirstMapTest.FirstMapTest:PersistentLevel' has LevelScriptBlueprint '/Game/ThirdPersonBP/Maps/FirstMapTest.FirstMapTest:PersistentLevel.FirstMapTest' with GeneratedClass '/Game/ThirdPersonBP/Maps/FirstMapTest.FirstMapTest_C' with ClassGeneratedBy '/Game/ThirdPersonBP/Maps/FirstMapTest.FirstMapTest:PersistentLevel.FirstMapTest'
[2019.01.26-10.40.50:073][ 44]LogPlayLevel: PlayLevel: No blueprints needed recompiling
[2019.01.26-10.40.50:073][ 44]PIE: New page: PIE session: FirstMapTest (Jan 25, 2019, 8:40:50 PM)
[2019.01.26-10.40.50:073][ 44]LogPlayLevel: Creating play world package: /Game/ThirdPersonBP/Maps/UEDPIE_0_FirstMapTest
[2019.01.26-10.40.50:130][ 44]LogPlayLevel: PIE: StaticDuplicateObject took: (0.056284s)
[2019.01.26-10.40.50:131][ 44]LogAIModule: Creating AISystem for world FirstMapTest
[2019.01.26-10.40.50:132][ 44]LogPlayLevel: PIE: World Init took: (0.001353s)
[2019.01.26-10.40.50:132][ 44]LogPlayLevel: PIE: Created PIE world by copying editor world from /Game/ThirdPersonBP/Maps/FirstMapTest.FirstMapTest to /Game/ThirdPersonBP/Maps/UEDPIE_0_FirstMapTest.FirstMapTest (0.058314s)
[2019.01.26-10.40.50:188][ 44]LogInit: XAudio2 using 'Speakers (Realtek High Definition Audio)' : 2 channels at 48 kHz using 32 bits per sample (channel mask 0x3)
[2019.01.26-10.40.50:196][ 44]LogInit: FAudioDevice initialized.
[2019.01.26-10.40.50:229][ 44]LogLoad: Game class is 'ThirdPersonGameMode_C'
[2019.01.26-10.40.50:234][ 44]LogWorld: Bringing World /Game/ThirdPersonBP/Maps/UEDPIE_0_FirstMapTest.FirstMapTest up for play (max tick rate 60) at 2019.01.26-03.40.50
[2019.01.26-10.40.50:235][ 44]LogWorld: Bringing up level for play took: 0.005077
[2019.01.26-10.40.50:248][ 44]PIE: Play in editor start time for /Game/ThirdPersonBP/Maps/UEDPIE_0_FirstMapTest -0.312
[2019.01.26-10.40.50:249][ 44]LogBlueprintUserMessages: Late PlayInEditor Detection: Level '/Game/ThirdPersonBP/Maps/FirstMapTest.FirstMapTest:PersistentLevel' has LevelScriptBlueprint '/Game/ThirdPersonBP/Maps/FirstMapTest.FirstMapTest:PersistentLevel.FirstMapTest' with GeneratedClass '/Game/ThirdPersonBP/Maps/FirstMapTest.FirstMapTest_C' with ClassGeneratedBy '/Game/ThirdPersonBP/Maps/FirstMapTest.FirstMapTest:PersistentLevel.FirstMapTest'
[2019.01.26-10.41.45:467][353]LogBlueprintUserMessages: Early EndPlayMap Detection: Level '/Game/ThirdPersonBP/Maps/FirstMapTest.FirstMapTest:PersistentLevel' has LevelScriptBlueprint '/Game/ThirdPersonBP/Maps/FirstMapTest.FirstMapTest:PersistentLevel.FirstMapTest' with GeneratedClass '/Game/ThirdPersonBP/Maps/FirstMapTest.FirstMapTest_C' with ClassGeneratedBy '/Game/ThirdPersonBP/Maps/FirstMapTest.FirstMapTest:PersistentLevel.FirstMapTest'
[2019.01.26-10.41.45:468][353]LogSlate: Updating window title bar state: overlay mode, drag disabled, window buttons hidden, title bar hidden
[2019.01.26-10.41.45:505][353]LogPlayLevel: Display: Shutting down PIE online subsystems
[2019.01.26-10.41.45:506][353]LogBlueprintUserMessages: Late EndPlayMap Detection: Level '/Game/ThirdPersonBP/Maps/FirstMapTest.FirstMapTest:PersistentLevel' has LevelScriptBlueprint '/Game/ThirdPersonBP/Maps/FirstMapTest.FirstMapTest:PersistentLevel.FirstMapTest' with GeneratedClass '/Game/ThirdPersonBP/Maps/FirstMapTest.FirstMapTest_C' with ClassGeneratedBy '/Game/ThirdPersonBP/Maps/FirstMapTest.FirstMapTest:PersistentLevel.FirstMapTest'
[2019.01.26-10.41.45:530][353]LogSlate: Updating window title bar state: overlay mode, drag disabled, window buttons hidden, title bar hidden
[2019.01.26-10.41.45:578][356]LogPlayLevel: Display: Destroying online subsystem :Context_3
[2019.01.26-10.42.11:201][873]LogSlate: FSceneViewport::OnFocusLost() reason 2
[2019.01.26-10.42.33:131][182]LogSlate: FSceneViewport::OnFocusLost() reason 2
[2019.01.26-10.43.16:030][733]LogSlate: FSceneViewport::OnFocusLost() reason 2
[2019.01.26-10.43.24:859][257]LogSlate: FSceneViewport::OnFocusLost() reason 0
[2019.01.26-10.43.43:639][365]LogSlate: FSceneViewport::OnFocusLost() reason 2
[2019.01.26-10.43.47:828][615]LogSlate: FSceneViewport::OnFocusLost() reason 2
[2019.01.26-10.45.19:396][ 75]LogSlate: FSceneViewport::OnFocusLost() reason 0
[2019.01.26-10.45.44:040][543]LogSlate: FSceneViewport::OnFocusLost() reason 0
[2019.01.26-10.45.47:867][772]LogSlate: FSceneViewport::OnFocusLost() reason 0
[2019.01.26-10.45.57:907][372]LogSlate: FSceneViewport::OnFocusLost() reason 2
[2019.01.26-10.46.34:658][573]Cmd: TRANSACTION UNDO
[2019.01.26-10.46.34:658][573]LogEditorTransaction: Undo Landscape Editing: Sculpt
[2019.01.26-10.46.34:684][573]LogTexture: Display: Building textures: Texture2D_0 (BGRA8, 512X512)
[2019.01.26-10.46.42:274][ 26]LogSlate: FSceneViewport::OnFocusLost() reason 0
[2019.01.26-10.47.20:147][285]LogSlate: FSceneViewport::OnFocusLost() reason 2
[2019.01.26-10.47.30:802][919]LogSlate: FSceneViewport::OnFocusLost() reason 2
[2019.01.26-10.47.54:024][309]LogSlate: FSceneViewport::OnFocusLost() reason 0
[2019.01.26-10.48.05:314][984]Cmd: TRANSACTION UNDO
[2019.01.26-10.48.05:314][984]LogEditorTransaction: Undo Landscape Editing: Sculpt
[2019.01.26-10.48.05:344][984]LogTexture: Display: Building textures: Texture2D_0 (BGRA8, 512X512)
[2019.01.26-10.48.07:273][ 98]LogSlate: FSceneViewport::OnFocusLost() reason 2
[2019.01.26-10.48.11:164][331]Cmd: TRANSACTION UNDO
[2019.01.26-10.48.11:164][331]LogEditorTransaction: Undo Landscape Editing: Sculpt
[2019.01.26-10.48.15:322][577]Cmd: TRANSACTION UNDO
[2019.01.26-10.48.15:323][577]LogEditorTransaction: Undo Landscape Editing: Sculpt
[2019.01.26-10.48.16:887][668]LogSlate: FSceneViewport::OnFocusLost() reason 2
[2019.01.26-10.48.19:821][843]Cmd: TRANSACTION UNDO
[2019.01.26-10.48.19:822][843]LogEditorTransaction: Undo Landscape Editing: Smooth
[2019.01.26-10.48.21:995][970]LogSlate: FSceneViewport::OnFocusLost() reason 0
[2019.01.26-10.48.49:845][634]Cmd: TRANSACTION UNDO
[2019.01.26-10.48.49:845][634]LogEditorTransaction: Undo Landscape Editing: Smooth
[2019.01.26-10.48.49:874][634]LogTexture: Display: Building textures: Texture2D_0 (BGRA8, 512X512)
[2019.01.26-10.48.58:139][128]Cmd: TRANSACTION UNDO
[2019.01.26-10.48.58:139][128]LogEditorTransaction: Undo Landscape Editing: Smooth
[2019.01.26-10.48.58:163][128]LogTexture: Display: Building textures: Texture2D_0 (BGRA8, 512X512)
[2019.01.26-10.49.00:259][252]Cmd: TRANSACTION UNDO
[2019.01.26-10.49.00:260][252]LogEditorTransaction: Undo Landscape Editing: Smooth
[2019.01.26-10.49.09:987][829]Cmd: TRANSACTION UNDO
[2019.01.26-10.49.09:987][829]LogEditorTransaction: Undo Landscape Editing: Smooth
[2019.01.26-10.49.10:015][829]LogTexture: Display: Building textures: Texture2D_0 (BGRA8, 512X512)
[2019.01.26-10.49.11:194][897]LogSlate: FSceneViewport::OnFocusLost() reason 2
[2019.01.26-10.49.24:731][705]LogSlate: FSceneViewport::OnFocusLost() reason 2
[2019.01.26-10.49.27:733][884]Cmd: TRANSACTION UNDO
[2019.01.26-10.49.27:733][884]LogEditorTransaction: Undo Landscape Editing: Smooth
[2019.01.26-10.49.27:756][884]LogTexture: Display: Building textures: Texture2D_0 (BGRA8, 512X512)
[2019.01.26-10.49.30:438][ 42]Cmd: TRANSACTION UNDO
[2019.01.26-10.49.30:438][ 42]LogEditorTransaction: Undo Landscape Editing: Smooth
[2019.01.26-10.49.32:164][143]LogSlate: FSceneViewport::OnFocusLost() reason 0
[2019.01.26-10.50.50:761][498]LogTexture: Display: Building textures: Texture2D_0 (BGRA8, 512X512)
[2019.01.26-10.50.50:966][498]LogSavePackage: Moving 'D:/Unreal/Obalor/Obalor/Saved/FirstMapTest_Auto3E0C267664B5FE20DF2EB0382CE37CE1B.tmp' to 'D:/Unreal/Obalor/Obalor/Saved/Autosaves/Game/ThirdPersonBP/Maps/FirstMapTest_Auto3.umap'
[2019.01.26-10.50.51:010][498]LogFileHelpers: Editor autosave (incl. sublevels) for '/Game/ThirdPersonBP/Maps/FirstMapTest' took 0.490
[2019.01.26-10.50.51:010][498]LogFileHelpers: Editor autosave (incl. sublevels) for all levels took 0.490
[2019.01.26-10.54.24:068][122]LogSlate: FSceneViewport::OnFocusLost() reason 2
[2019.01.26-10.54.34:952][774]Cmd: TRANSACTION UNDO
[2019.01.26-10.54.34:952][774]LogEditorTransaction: Undo Landscape Editing: Sculpt
[2019.01.26-10.54.34:978][774]LogTexture: Display: Building textures: Texture2D_0 (BGRA8, 512X512)
[2019.01.26-10.54.56:674][949]LogSlate: FSceneViewport::OnFocusLost() reason 2
[2019.01.26-10.55.34:226][189]LogSlate: FSceneViewport::OnFocusLost() reason 2
[2019.01.26-10.55.54:519][392]LogSlate: FSceneViewport::OnFocusLost() reason 0
[2019.01.26-10.56.52:790][861]LogSlate: FSceneViewport::OnFocusLost() reason 2
[2019.01.26-10.57.02:618][450]LogSlate: FSceneViewport::OnFocusLost() reason 0
[2019.01.26-10.57.16:336][272]Cmd: TRANSACTION UNDO
[2019.01.26-10.57.16:336][272]LogEditorTransaction: Undo Landscape Editing: Sculpt
[2019.01.26-10.57.16:367][272]LogTexture: Display: Building textures: Texture2D_0 (BGRA8, 512X512)
[2019.01.26-10.57.16:623][286]Cmd: TRANSACTION UNDO
[2019.01.26-10.57.16:624][286]LogEditorTransaction: Undo Landscape Editing: Sculpt
[2019.01.26-10.57.16:656][286]LogTexture: Display: Building textures: Texture2D_0 (BGRA8, 512X512)
[2019.01.26-10.57.33:135][256]LogSlate: FSceneViewport::OnFocusLost() reason 2
[2019.01.26-10.57.45:981][ 15]LogSlate: FSceneViewport::OnFocusLost() reason 2
[2019.01.26-10.57.53:884][485]LogSlate: FSceneViewport::OnFocusLost() reason 2
[2019.01.26-10.58.07:297][276]LogSlate: FSceneViewport::OnFocusLost() reason 2
[2019.01.26-10.58.21:243][795]LogSlate: FSceneViewport::OnFocusLost() reason 2
[2019.01.26-10.58.30:840][361]LogSlate: FSceneViewport::OnFocusLost() reason 2
[2019.01.26-10.58.35:234][621]Cmd: TRANSACTION UNDO
[2019.01.26-10.58.35:234][621]LogEditorTransaction: Undo Landscape Editing: Sculpt
[2019.01.26-10.58.35:259][621]LogTexture: Display: Building textures: Texture2D_0 (BGRA8, 512X512)
[2019.01.26-10.58.40:000][890]LogSlate: FSceneViewport::OnFocusLost() reason 2
[2019.01.26-11.00.51:492][111]LogTexture: Display: Building textures: Texture2D_0 (BGRA8, 512X512)
[2019.01.26-11.00.51:806][111]LogSavePackage: Moving 'D:/Unreal/Obalor/Obalor/Saved/FirstMapTest_Auto406CE3C31411983FBF64223BF9BBFF494.tmp' to 'D:/Unreal/Obalor/Obalor/Saved/Autosaves/Game/ThirdPersonBP/Maps/FirstMapTest_Auto4.umap'
[2019.01.26-11.00.51:834][111]LogFileHelpers: Editor autosave (incl. sublevels) for '/Game/ThirdPersonBP/Maps/FirstMapTest' took 0.614
[2019.01.26-11.00.51:835][111]LogFileHelpers: Editor autosave (incl. sublevels) for all levels took 0.614
[2019.01.26-11.01.24:471][762]LogSlate: FSceneViewport::OnFocusLost() reason 0
[2019.01.26-11.01.37:603][536]LogSlate: FSceneViewport::OnFocusLost() reason 0
[2019.01.26-11.01.41:158][742]Cmd: BRUSH ADD SELECTNEWBRUSH
[2019.01.26-11.01.42:261][799]Cmd: DELETE
[2019.01.26-11.01.42:261][799]Cmd: ACTOR DELETE
[2019.01.26-11.01.42:276][799]LogEditorActor: Deleted Actor: Brush
[2019.01.26-11.01.42:301][799]LogEditorActor: Deleted 1 Actors (0.039 secs)
[2019.01.26-11.01.43:948][898]LogSlate: FSceneViewport::OnFocusLost() reason 0
[2019.01.26-11.01.45:557][993]Cmd: BRUSH ADD SELECTNEWBRUSH
[2019.01.26-11.03.00:851][414]LogSlate: FSceneViewport::OnFocusLost() reason 0
[2019.01.26-11.03.08:334][855]LogEditorViewport: Clicking on Actor (LMB): Landscape (Landscape)
[2019.01.26-11.03.15:605][285]LogSlate: FSceneViewport::OnFocusLost() reason 2
[2019.01.26-11.03.15:639][285]Cmd: OBJ SAVEPACKAGE PACKAGE="/Game/ThirdPersonBP/Maps/FirstMapTest" FILE="D:/Unreal/Obalor/Obalor/Content/ThirdPersonBP/Maps/FirstMapTest.umap" SILENT=true AUTOSAVING=false KEEPDIRTY=false
[2019.01.26-11.03.15:979][285]LogSavePackage: Moving 'D:/Unreal/Obalor/Obalor/Saved/FirstMapTestB46589054276AE811C2853ABA1CEFAED.tmp' to 'D:/Unreal/Obalor/Obalor/Content/ThirdPersonBP/Maps/FirstMapTest.umap'
[2019.01.26-11.03.16:012][285]Cmd: OBJ SAVEPACKAGE PACKAGE="/Game/ThirdPersonBP/Maps/FirstMapTest_BuiltData" FILE="D:/Unreal/Obalor/Obalor/Content/ThirdPersonBP/Maps/FirstMapTest_BuiltData.uasset" SILENT=true
[2019.01.26-11.03.17:041][285]LogSavePackage: Moving 'D:/Unreal/Obalor/Obalor/Saved/FirstMapTest_BuiltDataF0D627DB476C86CED08D91BE6F20BB71.tmp' to 'D:/Unreal/Obalor/Obalor/Content/ThirdPersonBP/Maps/FirstMapTest_BuiltData.uasset'
[2019.01.26-11.03.18:566][374]LogTemp: Repeating last play command: Selected Viewport
[2019.01.26-11.03.18:581][374]LogBlueprintUserMessages: Early PlayInEditor Detection: Level '/Game/ThirdPersonBP/Maps/FirstMapTest.FirstMapTest:PersistentLevel' has LevelScriptBlueprint '/Game/ThirdPersonBP/Maps/FirstMapTest.FirstMapTest:PersistentLevel.FirstMapTest' with GeneratedClass '/Game/ThirdPersonBP/Maps/FirstMapTest.FirstMapTest_C' with ClassGeneratedBy '/Game/ThirdPersonBP/Maps/FirstMapTest.FirstMapTest:PersistentLevel.FirstMapTest'
[2019.01.26-11.03.18:581][374]LogPlayLevel: PlayLevel: No blueprints needed recompiling
[2019.01.26-11.03.18:581][374]PIE: New page: PIE session: FirstMapTest (Jan 25, 2019, 9:03:18 PM)
[2019.01.26-11.03.18:582][374]LogPlayLevel: Creating play world package: /Game/ThirdPersonBP/Maps/UEDPIE_0_FirstMapTest
[2019.01.26-11.03.18:618][374]LogPlayLevel: PIE: StaticDuplicateObject took: (0.036521s)
[2019.01.26-11.03.18:619][374]LogAIModule: Creating AISystem for world FirstMapTest
[2019.01.26-11.03.18:620][374]LogPlayLevel: PIE: World Init took: (0.000981s)
[2019.01.26-11.03.18:620][374]LogPlayLevel: PIE: Created PIE world by copying editor world from /Game/ThirdPersonBP/Maps/FirstMapTest.FirstMapTest to /Game/ThirdPersonBP/Maps/UEDPIE_0_FirstMapTest.FirstMapTest (0.037995s)
[2019.01.26-11.03.18:673][374]LogInit: XAudio2 using 'Speakers (Realtek High Definition Audio)' : 2 channels at 48 kHz using 32 bits per sample (channel mask 0x3)
[2019.01.26-11.03.18:680][374]LogInit: FAudioDevice initialized.
[2019.01.26-11.03.18:710][374]LogLoad: Game class is 'ThirdPersonGameMode_C'
[2019.01.26-11.03.18:713][374]LogWorld: Bringing World /Game/ThirdPersonBP/Maps/UEDPIE_0_FirstMapTest.FirstMapTest up for play (max tick rate 60) at 2019.01.26-04.03.18
[2019.01.26-11.03.18:714][374]LogWorld: Bringing up level for play took: 0.003253
[2019.01.26-11.03.18:727][374]PIE: Play in editor start time for /Game/ThirdPersonBP/Maps/UEDPIE_0_FirstMapTest 0.167
[2019.01.26-11.03.18:727][374]LogBlueprintUserMessages: Late PlayInEditor Detection: Level '/Game/ThirdPersonBP/Maps/FirstMapTest.FirstMapTest:PersistentLevel' has LevelScriptBlueprint '/Game/ThirdPersonBP/Maps/FirstMapTest.FirstMapTest:PersistentLevel.FirstMapTest' with GeneratedClass '/Game/ThirdPersonBP/Maps/FirstMapTest.FirstMapTest_C' with ClassGeneratedBy '/Game/ThirdPersonBP/Maps/FirstMapTest.FirstMapTest:PersistentLevel.FirstMapTest'
[2019.01.26-11.04.33:494][854]LogBlueprintUserMessages: Early EndPlayMap Detection: Level '/Game/ThirdPersonBP/Maps/FirstMapTest.FirstMapTest:PersistentLevel' has LevelScriptBlueprint '/Game/ThirdPersonBP/Maps/FirstMapTest.FirstMapTest:PersistentLevel.FirstMapTest' with GeneratedClass '/Game/ThirdPersonBP/Maps/FirstMapTest.FirstMapTest_C' with ClassGeneratedBy '/Game/ThirdPersonBP/Maps/FirstMapTest.FirstMapTest:PersistentLevel.FirstMapTest'
[2019.01.26-11.04.33:496][854]LogSlate: Updating window title bar state: overlay mode, drag disabled, window buttons hidden, title bar hidden
[2019.01.26-11.04.33:532][854]LogPlayLevel: Display: Shutting down PIE online subsystems
[2019.01.26-11.04.33:532][854]LogBlueprintUserMessages: Late EndPlayMap Detection: Level '/Game/ThirdPersonBP/Maps/FirstMapTest.FirstMapTest:PersistentLevel' has LevelScriptBlueprint '/Game/ThirdPersonBP/Maps/FirstMapTest.FirstMapTest:PersistentLevel.FirstMapTest' with GeneratedClass '/Game/ThirdPersonBP/Maps/FirstMapTest.FirstMapTest_C' with ClassGeneratedBy '/Game/ThirdPersonBP/Maps/FirstMapTest.FirstMapTest:PersistentLevel.FirstMapTest'
[2019.01.26-11.04.33:557][854]LogSlate: Updating window title bar state: overlay mode, drag disabled, window buttons hidden, title bar hidden
[2019.01.26-11.04.33:597][856]LogPlayLevel: Display: Destroying online subsystem :Context_4
[2019.01.26-11.08.57:758][322]LogSlate: FSceneViewport::OnFocusLost() reason 2
[2019.01.26-11.09.36:073][612]LogSlate: FSceneViewport::OnFocusLost() reason 0
[2019.01.26-11.09.37:791][714]Cmd: BRUSH ADD SELECTNEWBRUSH
[2019.01.26-11.09.57:051][847]LogSlate: FSceneViewport::OnFocusLost() reason 0
[2019.01.26-11.10.08:062][493]LogSlate: FSceneViewport::OnFocusLost() reason 0
[2019.01.26-11.10.10:062][613]LogGeometryMode: Warning: Unable to find 1 Edge(s) in new BSP
[2019.01.26-11.10.10:062][613]LogGeometryMode: Warning: Unable to resolve BoxBrush Brush in new BSP, see above
[2019.01.26-11.10.10:063][613]LogGeometryMode: Warning: Unable to find all previously selected geometry data, resetting selection
[2019.01.26-11.10.11:732][713]Cmd: TRANSACTION UNDO
[2019.01.26-11.10.11:732][713]LogEditorTransaction: Undo Modifier [Split]
[2019.01.26-11.10.16:006][967]LogGeometryMode: Warning: Unable to find 1 Edge(s) in new BSP
[2019.01.26-11.10.16:006][967]LogGeometryMode: Warning: Unable to resolve BoxBrush Brush in new BSP, see above
[2019.01.26-11.10.16:006][967]LogGeometryMode: Warning: Unable to find all previously selected geometry data, resetting selection
[2019.01.26-11.10.19:977][204]LogSlate: FSceneViewport::OnFocusLost() reason 0
[2019.01.26-11.10.20:078][210]LogGeometryMode: Warning: Unable to find 1 Edge(s) in new BSP
[2019.01.26-11.10.20:078][210]LogGeometryMode: Warning: Unable to resolve BoxBrush Brush in new BSP, see above
[2019.01.26-11.10.20:078][210]LogGeometryMode: Warning: Unable to find all previously selected geometry data, resetting selection
[2019.01.26-11.10.32:990][968]LogSlate: FSceneViewport::OnFocusLost() reason 0
[2019.01.26-11.10.33:091][974]LogGeometryMode: Warning: Unable to find 1 Edge(s) in new BSP
[2019.01.26-11.10.33:091][974]LogGeometryMode: Warning: Unable to resolve BoxBrush Brush in new BSP, see above
[2019.01.26-11.10.33:091][974]LogGeometryMode: Warning: Unable to find all previously selected geometry data, resetting selection
[2019.01.26-11.10.34:830][ 77]LogEditorViewport: Clicking on Actor (double click): Brush (Box Brush)
[2019.01.26-11.10.37:652][245]LogEditorViewport: Clicking on Actor (double click): Brush (Box Brush)
[2019.01.26-11.10.38:707][307]LogEditorViewport: Clicking on Actor (double click): Brush (Box Brush)
[2019.01.26-11.10.50:748][ 21]LogEditorViewport: Clicking on Actor (context menu): Brush (Box Brush)
[2019.01.26-11.10.50:777][ 21]LogSlate: FSceneViewport::OnFocusLost() reason 2
[2019.01.26-11.10.54:252][223]LogEditorViewport: Clicking on Actor (context menu): Brush (Box Brush)
[2019.01.26-11.10.54:279][223]LogSlate: FSceneViewport::OnFocusLost() reason 2
[2019.01.26-11.10.57:074][386]LogSlate: FSceneViewport::OnFocusLost() reason 0
[2019.01.26-11.10.58:901][392]LogSlate: Window 'Extrude Coordinates Mode Warning' being destroyed
[2019.01.26-11.11.11:719][144]LogEditorViewport: Clicking on Actor (LMB): Landscape (Landscape)
[2019.01.26-11.11.15:887][386]Cmd: DUPLICATE
[2019.01.26-11.11.15:888][386]Cmd: ACTOR DUPLICATE
[2019.01.26-11.11.28:883][145]LogSlate: FSceneViewport::OnFocusLost() reason 0
[2019.01.26-11.12.11:963][687]LogSlate: FSceneViewport::OnFocusLost() reason 0
[2019.01.26-11.12.12:172][692]LogActorFactory: Actor Factory created Cube
[2019.01.26-11.12.13:717][784]LogActorFactory: Actor Factory created Cube
[2019.01.26-11.12.14:900][848]Cmd: DELETE
[2019.01.26-11.12.14:900][848]Cmd: ACTOR DELETE
[2019.01.26-11.12.14:913][848]LogEditorActor: Deleted Actor: StaticMeshActor
[2019.01.26-11.12.14:935][848]LogEditorActor: Deleted 1 Actors (0.035 secs)
[2019.01.26-11.12.24:826][442]LogEditorViewport: Clicking on Actor (LMB): Landscape (Landscape)
[2019.01.26-11.12.37:425][181]LogSlate: FSceneViewport::OnFocusLost() reason 0
[2019.01.26-11.12.50:559][959]LogSlate: FSceneViewport::OnFocusLost() reason 0
[2019.01.26-11.12.52:150][ 53]Cmd: BRUSH ADD SELECTNEWBRUSH
[2019.01.26-11.13.16:308][462]LogEditorViewport: Clicking on Actor (LMB): BP_Sky_Sphere_C (SkySphereBlueprint)
[2019.01.26-11.13.17:147][507]LogEditorViewport: Clicking on Actor (LMB): Landscape (Landscape)
[2019.01.26-11.13.23:189][866]LogSlate: FSceneViewport::OnFocusLost() reason 2
[2019.01.26-11.13.23:206][866]Cmd: OBJ SAVEPACKAGE PACKAGE="/Game/ThirdPersonBP/Maps/FirstMapTest" FILE="D:/Unreal/Obalor/Obalor/Content/ThirdPersonBP/Maps/FirstMapTest.umap" SILENT=true AUTOSAVING=false KEEPDIRTY=false
[2019.01.26-11.13.23:570][866]LogSavePackage: Moving 'D:/Unreal/Obalor/Obalor/Saved/FirstMapTest37484BD94ECEBA9B407C88ACC0CB65F3.tmp' to 'D:/Unreal/Obalor/Obalor/Content/ThirdPersonBP/Maps/FirstMapTest.umap'
[2019.01.26-11.13.23:596][866]Cmd: OBJ SAVEPACKAGE PACKAGE="/Game/ThirdPersonBP/Maps/FirstMapTest_BuiltData" FILE="D:/Unreal/Obalor/Obalor/Content/ThirdPersonBP/Maps/FirstMapTest_BuiltData.uasset" SILENT=true
[2019.01.26-11.13.23:909][866]LogSavePackage: Moving 'D:/Unreal/Obalor/Obalor/Saved/FirstMapTest_BuiltData597A3A9A4C88255D27601D9C0B7DD7C5.tmp' to 'D:/Unreal/Obalor/Obalor/Content/ThirdPersonBP/Maps/FirstMapTest_BuiltData.uasset'
[2019.01.26-11.14.30:637][358]LogSlate: FSceneViewport::OnFocusLost() reason 0
[2019.01.26-11.14.41:500][986]LogSlate: Window 'Color Picker' being destroyed
[2019.01.26-11.14.49:028][434]LogSlate: FSceneViewport::OnFocusLost() reason 0
[2019.01.26-11.14.56:233][863]LogEditorViewport: Clicking on Actor (LMB): Landscape (Landscape)
[2019.01.26-11.15.16:263][ 53]LogSlate: FSceneViewport::OnFocusLost() reason 0
[2019.01.26-11.15.26:224][644]LogSlate: FSceneViewport::OnFocusLost() reason 0
[2019.01.26-11.15.42:086][592]LogEditorViewport: Clicking on Actor (LMB): Landscape (Landscape)
[2019.01.26-11.15.52:585][221]LogSlate: FSceneViewport::OnFocusLost() reason 0
[2019.01.26-11.16.09:908][259]LogSlate: FSceneViewport::OnFocusLost() reason 0
[2019.01.26-11.16.40:268][ 50]LogActorComponent: UnregisterComponent: (/Engine/Transient.SphereBrushComponent) Not registered. Aborting.
[2019.01.26-11.18.58:308][852]LogSlate: FSceneViewport::OnFocusLost() reason 2
[2019.01.26-11.19.06:897][367]LogSlate: FSceneViewport::OnFocusLost() reason 2
