"../../../../../../Users/Alex/Documents/GitHub/Obalor/Obalor/Content/LevelAssets/pCube10Mat.uasset" 0
"../../../../../../Users/Alex/Documents/GitHub/Obalor/Obalor/Content/LevelAssets/Bridge.uasset" 1
"../../../../../../Users/Alex/Documents/GitHub/Obalor/Obalor/Content/LevelAssets/pCylinder2Mat.uasset" 2
"../../../../../../Users/Alex/Documents/GitHub/Obalor/Obalor/Content/LevelAssets/Broken_Pillar.uasset" 3
"../../../Engine/Content/Functions/Engine_MaterialFunctions01/Opacity/CameraDepthFade.uasset" 4
"../../../Engine/Content/EngineMaterials/T_Default_Material_Grid_M.uasset" 5
"../../../Engine/Content/EngineMaterials/T_Default_Material_Grid_N.uasset" 6
"../../../Engine/Content/EngineMaterials/WorldGridMaterial.uasset" 7
"../../../../../../Users/Alex/Documents/GitHub/Obalor/Obalor/Content/LevelAssets/butte1_low_poly3.uasset" 8
"../../../../../../Users/Alex/Documents/GitHub/Obalor/Obalor/Content/LevelAssets/Material_001.uasset" 9
"../../../../../../Users/Alex/Documents/GitHub/Obalor/Obalor/Content/LevelAssets/ShrineMat.uasset" 10
"../../../../../../Users/Alex/Documents/GitHub/Obalor/Obalor/Content/LevelAssets/Shrine.uasset" 11
"../../../../../../Users/Alex/Documents/GitHub/Obalor/Obalor/Content/LevelAssets/Shrine_w_StatueMat.uasset" 12
"../../../../../../Users/Alex/Documents/GitHub/Obalor/Obalor/Content/LevelAssets/Shrine_w_Statue.uasset" 13
"../../../../../../Users/Alex/Documents/GitHub/Obalor/Obalor/Content/LevelAssets/Materials/WaterfileTile.uasset" 14
"../../../../../../Users/Alex/Documents/GitHub/Obalor/Obalor/Content/LevelAssets/Materials/WaterFall.uasset" 15
"../../../../../../Users/Alex/Documents/GitHub/Obalor/Obalor/Content/LevelAssets/StaticMesh.uasset" 16
"../../../../../../Users/Alex/Documents/GitHub/Obalor/Obalor/Content/LevelAssets/Foliage/Bamboo_BambooMat.uasset" 17
"../../../../../../Users/Alex/Documents/GitHub/Obalor/Obalor/Content/LevelAssets/Foliage/Bamboo.uasset" 18
"../../../../../../Users/Alex/Documents/GitHub/Obalor/Obalor/Content/LevelAssets/Materials/BambooTeture.uasset" 19
"../../../../../../Users/Alex/Documents/GitHub/Obalor/Obalor/Content/LevelAssets/Materials/SnowPile.uasset" 20
"../../../../../../Users/Alex/Documents/GitHub/Obalor/Obalor/Content/LevelAssets/Materials/Volcanic_Rocka.uasset" 21
"../../../../../../Users/Alex/Documents/GitHub/Obalor/Obalor/Content/Mannequin/Character/Mesh/UE4_Mannequin_Skeleton.uasset" 22
"../../../../../../Users/Alex/Documents/GitHub/Obalor/Obalor/Content/Mannequin/Animations/ThirdPersonJump_End.uasset" 23
"../../../../../../Users/Alex/Documents/GitHub/Obalor/Obalor/Content/Mannequin/Animations/ThirdPerson_Jump.uasset" 24
"../../../../../../Users/Alex/Documents/GitHub/Obalor/Obalor/Content/Mannequin/Animations/ThirdPersonJump_Loop.uasset" 25
"../../../../../../Users/Alex/Documents/GitHub/Obalor/Obalor/Content/Mannequin/Animations/ThirdPersonJump_Start.uasset" 26
"../../../../../../Users/Alex/Documents/GitHub/Obalor/Obalor/Content/Mannequin/Animations/ThirdPersonIdle.uasset" 27
"../../../../../../Users/Alex/Documents/GitHub/Obalor/Obalor/Content/Mannequin/Animations/ThirdPersonRun.uasset" 28
"../../../../../../Users/Alex/Documents/GitHub/Obalor/Obalor/Content/Mannequin/Animations/ThirdPersonWalk.uasset" 29
"../../../../../../Users/Alex/Documents/GitHub/Obalor/Obalor/Content/Mannequin/Animations/ThirdPerson_IdleRun_2D.uasset" 30
"../../../Engine/Content/EditorBlueprintResources/StandardMacros.uasset" 31
"../../../../../../Users/Alex/Documents/GitHub/Obalor/Obalor/Content/Mannequin/Animations/ThirdPerson_AnimBP.uasset" 32
"../../../Engine/Content/Functions/Engine_MaterialFunctions02/Utility/BlendAngleCorrectedNormals.uasset" 33
"../../../Engine/Content/Functions/MaterialLayerFunctions/MatLayerBlend_NormalBlend.uasset" 34
"../../../Engine/Content/Functions/MaterialLayerFunctions/MatLayerBlend_Simple.uasset" 35
"../../../../../../Users/Alex/Documents/GitHub/Obalor/Obalor/Content/Mannequin/Character/Materials/MaterialLayers/T_ML_Rubber_Blue_01_D.uasset" 36
"../../../../../../Users/Alex/Documents/GitHub/Obalor/Obalor/Content/Mannequin/Character/Materials/MaterialLayers/T_ML_Rubber_Blue_01_N.uasset" 37
"../../../../../../Users/Alex/Documents/GitHub/Obalor/Obalor/Content/Mannequin/Character/Materials/MaterialLayers/ML_GlossyBlack_Latex_UE4.uasset" 38
"../../../../../../Users/Alex/Documents/GitHub/Obalor/Obalor/Content/Mannequin/Character/Materials/MaterialLayers/ML_Plastic_Shiny_Beige.uasset" 39
"../../../../../../Users/Alex/Documents/GitHub/Obalor/Obalor/Content/Mannequin/Character/Textures/UE4_LOGO_CARD.uasset" 40
"../../../../../../Users/Alex/Documents/GitHub/Obalor/Obalor/Content/Mannequin/Character/Materials/MaterialLayers/ML_Plastic_Shiny_Beige_LOGO.uasset" 41
"../../../../../../Users/Alex/Documents/GitHub/Obalor/Obalor/Content/Mannequin/Character/Materials/MaterialLayers/T_ML_Aluminum01.uasset" 42
"../../../../../../Users/Alex/Documents/GitHub/Obalor/Obalor/Content/Mannequin/Character/Materials/MaterialLayers/T_ML_Aluminum01_N.uasset" 43
"../../../../../../Users/Alex/Documents/GitHub/Obalor/Obalor/Content/Mannequin/Character/Materials/MaterialLayers/ML_SoftMetal_UE4.uasset" 44
"../../../../../../Users/Alex/Documents/GitHub/Obalor/Obalor/Content/Mannequin/Character/Textures/UE4_Mannequin__normals.uasset" 45
"../../../../../../Users/Alex/Documents/GitHub/Obalor/Obalor/Content/Mannequin/Character/Textures/UE4_Mannequin_MAT_MASKA.uasset" 46
"../../../../../../Users/Alex/Documents/GitHub/Obalor/Obalor/Content/Mannequin/Character/Materials/M_UE4Man_Body.uasset" 47
"../../../../../../Users/Alex/Documents/GitHub/Obalor/Obalor/Content/Mannequin/Character/Textures/UE4Man_Logo_N.uasset" 48
"../../../../../../Users/Alex/Documents/GitHub/Obalor/Obalor/Content/Mannequin/Character/Materials/M_UE4Man_ChestLogo.uasset" 49
"../../../../../../Users/Alex/Documents/GitHub/Obalor/Obalor/Content/Mannequin/Character/Mesh/SK_Mannequin_PhysicsAsset.uasset" 50
"../../../../../../Users/Alex/Documents/GitHub/Obalor/Obalor/Content/Mannequin/Character/Mesh/SK_Mannequin.uasset" 51
"../../../../../../Users/Alex/Documents/GitHub/Obalor/Obalor/Content/ThirdPersonBP/Blueprints/ThirdPersonCharacter.uasset" 52
"../../../../../../Users/Alex/Documents/GitHub/Obalor/Obalor/Content/ThirdPersonBP/Blueprints/ThirdPersonGameMode.uasset" 53
"../../../../../../Users/Alex/Documents/GitHub/Obalor/Obalor/Content/ThirdPersonBP/Materials/ExampleContent/Landscapes/Materials/M_Dead_Tree.uasset" 54
"../../../../../../Users/Alex/Documents/GitHub/Obalor/Obalor/Content/ThirdPersonBP/Materials/ExampleContent/Landscapes/Materials/M_LandscapeMaterial.uasset" 55
"../../../../../../Users/Alex/Documents/GitHub/Obalor/Obalor/Content/ThirdPersonBP/Materials/ExampleContent/Landscapes/Materials/M_LandscapeMaterial_Inst.uasset" 56
"../../../../../../Users/Alex/Documents/GitHub/Obalor/Obalor/Content/ThirdPersonBP/Materials/ExampleContent/Landscapes/Materials/M_Rock.uasset" 57
"../../../../../../Users/Alex/Documents/GitHub/Obalor/Obalor/Content/ThirdPersonBP/Materials/ExampleContent/Landscapes/Materials/M_Street.uasset" 58
"../../../../../../Users/Alex/Documents/GitHub/Obalor/Obalor/Content/ThirdPersonBP/Materials/ExampleContent/Landscapes/Materials/M_Street_Inst.uasset" 59
"../../../../../../Users/Alex/Documents/GitHub/Obalor/Obalor/Content/ThirdPersonBP/Materials/ExampleContent/Landscapes/Materials/M_Tree.uasset" 60
"../../../../../../Users/Alex/Documents/GitHub/Obalor/Obalor/Content/ThirdPersonBP/Materials/ExampleContent/Landscapes/Materials/M_Tree_Inst.uasset" 61
"../../../../../../Users/Alex/Documents/GitHub/Obalor/Obalor/Content/ThirdPersonBP/Materials/ExampleContent/Landscapes/Textures/T_ForestGround_D.uasset" 62
"../../../../../../Users/Alex/Documents/GitHub/Obalor/Obalor/Content/ThirdPersonBP/Materials/ExampleContent/Landscapes/Textures/T_ForestGround_N.uasset" 63
"../../../../../../Users/Alex/Documents/GitHub/Obalor/Obalor/Content/ThirdPersonBP/Materials/ExampleContent/Landscapes/Textures/T_GroundGrass_D.uasset" 64
"../../../../../../Users/Alex/Documents/GitHub/Obalor/Obalor/Content/ThirdPersonBP/Materials/ExampleContent/Landscapes/Textures/T_GroundGrass_N.uasset" 65
"../../../../../../Users/Alex/Documents/GitHub/Obalor/Obalor/Content/ThirdPersonBP/Materials/ExampleContent/Landscapes/Textures/T_Noise_N.uasset" 66
"../../../../../../Users/Alex/Documents/GitHub/Obalor/Obalor/Content/UI/Elements/UIBegin_HiLite_4x.uasset" 67
"../../../../../../Users/Alex/Documents/GitHub/Obalor/Obalor/Content/UI/Elements/UIBegin_UnHiLite_4x.uasset" 68
"../../../../../../Users/Alex/Documents/GitHub/Obalor/Obalor/Content/UI/Elements/UIMenu_4x.uasset" 69
"../../../../../../Users/Alex/Documents/GitHub/Obalor/Obalor/Content/UI/Elements/UIQuit_HiLite_4x.uasset" 70
"../../../../../../Users/Alex/Documents/GitHub/Obalor/Obalor/Content/UI/Elements/UIResume_HiLite_4x.uasset" 71
"../../../../../../Users/Alex/Documents/GitHub/Obalor/Obalor/Content/UI/Elements/UISlider_4x.uasset" 72
"../../../../../../Users/Alex/Documents/GitHub/Obalor/Obalor/Content/UI/Elements/UISlider_Button_4x.uasset" 73
"../../../Engine/Content/ArtTools/RenderToTexture/Meshes/S_1_Unit_Plane.uasset" 74
"../../../Engine/Content/EngineMaterials/DefaultMaterial.uasset" 75
"../../../Engine/Content/BasicShapes/Cone.uasset" 76
"../../../Engine/Content/BasicShapes/Cylinder.uasset" 77
"../../../Engine/Content/BasicShapes/Plane.uasset" 78
"../../../Engine/Content/BasicShapes/Sphere.uasset" 79
"../../../Engine/Content/EditorLandscapeResources/DataLayer.uasset" 80
"../../../Engine/Content/EditorMaterials/GizmoMaterial.uasset" 81
"../../../Engine/Content/EditorMaterials/MAT_Groups_Toggle.uasset" 82
"../../../Engine/Content/EditorMaterials/MAT_Groups_Visibility.uasset" 83
"../../../Engine/Content/EditorMaterials/PreviewShadowIndicator.uasset" 84
"../../../Engine/Content/EditorMaterials/PreviewShadowIndicatorMaterial.uasset" 85
"../../../Engine/Content/EditorMaterials/MatineeGroups/MAT_ColorTrack.uasset" 86
"../../../Engine/Content/EditorMaterials/MatineeGroups/MAT_Groups_Anim.uasset" 87
"../../../Engine/Content/EditorMaterials/MatineeGroups/MAT_Groups_AudioMaster.uasset" 88
"../../../Engine/Content/EditorMaterials/MatineeGroups/MAT_Groups_Director.uasset" 89
"../../../Engine/Content/EditorMaterials/MatineeGroups/MAT_Groups_Event.uasset" 90
"../../../Engine/Content/EditorMaterials/MatineeGroups/MAT_Groups_Fade.uasset" 91
"../../../Engine/Content/EditorMaterials/MatineeGroups/MAT_Groups_Float.uasset" 92
"../../../Engine/Content/EditorMaterials/MatineeGroups/MAT_Groups_Move.uasset" 93
"../../../Engine/Content/EditorMaterials/MatineeGroups/MAT_Groups_Slomo.uasset" 94
"../../../Engine/Content/EditorMaterials/MatineeGroups/MAT_Groups_Sound.uasset" 95
"../../../Engine/Content/EditorMaterials/MatineeGroups/MAT_Groups_Vector.uasset" 96
"../../../Engine/Content/EditorMaterials/ParticleSystems/PSysThumbnail_NoImage.uasset" 97
"../../../Engine/Content/EditorMaterials/ParticleSystems/PSysThumbnail_OOD.uasset" 98
"../../../Engine/Content/EditorMaterials/Camera/CineMat.uasset" 99
"../../../Engine/Content/EditorMaterials/Camera/MI_CineMat_Rig.uasset" 100
"../../../Engine/Content/EditorMeshes/Camera/SM_CraneRig_Arm.uasset" 101
"../../../Engine/Content/EditorMeshes/Camera/SM_CraneRig_Base.uasset" 102
"../../../Engine/Content/EditorMeshes/Camera/SM_CraneRig_Body.uasset" 103
"../../../Engine/Content/EditorMeshes/Camera/SM_CraneRig_Mount.uasset" 104
"../../../Engine/Content/EditorMeshes/Camera/SM_RailRig_Mount.uasset" 105
"../../../Engine/Content/EditorMeshes/Camera/SM_RailRig_Track.uasset" 106
"../../../Engine/Content/EditorResources/BSPVertex.uasset" 107
"../../../Engine/Content/EditorResources/EmptyActor.uasset" 108
"../../../Engine/Content/EditorResources/S_Actor.uasset" 109
"../../../Engine/Content/EditorResources/S_Trigger.uasset" 110
"../../../Engine/Content/EditorResources/LightIcons/S_LightError.uasset" 111
"../../../Engine/Content/EditorResources/SequenceRecorder/Countdown.uasset" 112
"../../../Engine/Content/EditorResources/SequenceRecorder/RecordingIndicator.uasset" 113
"../../../Engine/Content/EditorSounds/Notifications/CompileFailed.uasset" 114
"../../../Engine/Content/EditorSounds/Notifications/CompileFailed_Cue.uasset" 115
"../../../Engine/Content/EditorSounds/Notifications/CompileSuccess.uasset" 116
"../../../Engine/Content/EditorSounds/Notifications/CompileStart_Cue.uasset" 117
"../../../Engine/Content/EditorSounds/Notifications/CompileSuccess_Cue.uasset" 118
"../../../Engine/Content/EngineDamageTypes/DmgTypeBP_Environmental.uasset" 119
"../../../Engine/Content/EngineDebugMaterials/HeatmapGradient.uasset" 120
"../../../Engine/Content/EngineDebugMaterials/BoneWeightMaterial.uasset" 121
"../../../Engine/Content/EngineDebugMaterials/ClothMaterial.uasset" 122
"../../../Engine/Content/EngineDebugMaterials/ClothMaterial_WF.uasset" 123
"../../../Engine/Content/EngineDebugMaterials/DebugEditorMaterial.uasset" 124
"../../../Engine/Content/EngineDebugMaterials/DebugMeshMaterial.uasset" 125
"../../../Engine/Content/EngineDebugMaterials/GeomMaterial.uasset" 126
"../../../Engine/Content/EngineDebugMaterials/M_SimpleTranslucent.uasset" 127
"../../../Engine/Content/EngineFonts/Faces/RobotoBold.uasset" 128
"../../../Engine/Content/EngineFonts/Faces/RobotoBoldItalic.uasset" 129
"../../../Engine/Content/EngineFonts/Faces/RobotoItalic.uasset" 130
"../../../Engine/Content/EngineFonts/Faces/RobotoLight.uasset" 131
"../../../Engine/Content/EngineFonts/Faces/RobotoRegular.uasset" 132
"../../../Engine/Content/EngineFonts/Roboto.uasset" 133
"../../../Engine/Content/EngineFonts/Faces/RobotoTiny.uasset" 134
"../../../Engine/Content/EngineFonts/RobotoTiny.uasset" 135
"../../../Engine/Content/EngineMaterials/BaseFlattenDiffuseMap.uasset" 136
"../../../Engine/Content/EngineMaterials/BaseFlattenEmissiveMap.uasset" 137
"../../../Engine/Content/EngineMaterials/BaseFlattenGrayscaleMap.uasset" 138
"../../../Engine/Content/EngineMaterials/BaseFlattenNormalMap.uasset" 139
"../../../Engine/Content/EngineMaterials/BaseFlattenMaterial.uasset" 140
"../../../Engine/Content/EngineMaterials/DefaultBloomKernel.uasset" 141
"../../../Engine/Content/EngineMaterials/DefaultBokeh.uasset" 142
"../../../Engine/Content/EngineMaterials/DefaultDiffuse.uasset" 143
"../../../Engine/Content/EngineMaterials/DefaultDeferredDecalMaterial.uasset" 144
"../../../Engine/Content/EngineMaterials/DefaultLightFunctionMaterial.uasset" 145
"../../../Engine/Content/Functions/Engine_MaterialFunctions02/Utility/BreakOutFloat2Components.uasset" 146
"../../../Engine/Content/EngineMaterials/DefaultPostProcessMaterial.uasset" 147
"../../../Engine/Content/EngineFonts/RobotoDistanceField.uasset" 148
"../../../Engine/Content/EngineMaterials/DefaultTextMaterialOpaque.uasset" 149
"../../../Engine/Content/EngineMaterials/DefaultWhiteGrid.uasset" 150
"../../../Engine/Content/EngineMaterials/EditorBrushMaterial.uasset" 151
"../../../Engine/Content/EngineMaterials/Good64x64TilingNoiseHighFreq.uasset" 152
"../../../Engine/Content/EngineMaterials/MiniFont.uasset" 153
"../../../Engine/Content/EngineMaterials/InvalidLightmapSettings.uasset" 154
"../../../Engine/Content/EngineMaterials/M_InvalidLightmapSettings.uasset" 155
"../../../Engine/Content/Functions/Engine_MaterialFunctions02/WorldPositionOffset/CameraOffset.uasset" 156
"../../../Engine/Content/EngineMaterials/PhAT_JointLimitMaterial.uasset" 157
"../../../Engine/Content/EngineMaterials/PreintegratedSkinBRDF.uasset" 158
"../../../Engine/Content/EngineMaterials/RemoveSurfaceMaterial.uasset" 159
"../../../Engine/Content/EngineMaterials/WeightMapPlaceholderTexture.uasset" 160
"../../../Engine/Content/EngineResources/WhiteSquareTexture.uasset" 161
"../../../Engine/Content/EngineMaterials/Widget3DPassThrough.uasset" 162
"../../../Engine/Content/EngineMaterials/Widget3DPassThrough_Masked.uasset" 163
"../../../Engine/Content/EngineMaterials/Widget3DPassThrough_Opaque.uasset" 164
"../../../Engine/Content/EngineMaterials/Widget3DPassThrough_Masked_OneSided.uasset" 165
"../../../Engine/Content/EngineMaterials/Widget3DPassThrough_Opaque_OneSided.uasset" 166
"../../../Engine/Content/EngineMaterials/Widget3DPassThrough_Translucent.uasset" 167
"../../../Engine/Content/EngineMaterials/Widget3DPassThrough_Translucent_OneSided.uasset" 168
"../../../Engine/Content/EngineMeshes/Cylinder.uasset" 169
"../../../Engine/Content/EngineMeshes/Sphere.uasset" 170
"../../../Engine/Content/EngineResources/Black.uasset" 171
"../../../Engine/Content/EngineResources/DefaultTexture.uasset" 172
"../../../Engine/Content/EngineResources/DefaultTextureCube.uasset" 173
"../../../Engine/Content/EngineResources/DefaultVolumeTexture2D.uasset" 174
"../../../Engine/Content/EngineResources/DefaultVolumeTexture.uasset" 175
"../../../Engine/Content/EngineResources/GradientTexture0.uasset" 176
"../../../Engine/Content/EngineSounds/Master.uasset" 177
"../../../Engine/Content/Functions/Engine_MaterialFunctions01/Shading/ConvertFromDiffSpec.uasset" 178
"../../../Engine/Content/Functions/Engine_MaterialFunctions01/Shading/PowerToRoughness.uasset" 179
"../../../Engine/Content/Maps/Templates/Thumbnails/Default.uasset" 180
"../../../Engine/Content/Maps/Templates/Thumbnails/VR-Basic.uasset" 181
"../../../Engine/Content/MobileResources/T_MobileControls_texture.uasset" 182
"../../../Engine/Content/MobileResources/T_MobileMenu2.uasset" 183
"../../../Engine/Content/MobileResources/HUD/AnalogHat.uasset" 184
"../../../Engine/Content/MobileResources/HUD/VirtualJoystick_Background.uasset" 185
"../../../Engine/Content/MobileResources/HUD/VirtualJoystick_Thumb.uasset" 186
"../../../Engine/Content/MobileResources/HUD/DefaultVirtualJoysticks.uasset" 187
"../../../Engine/Content/MobileResources/HUD/LeftVirtualJoystickOnly.uasset" 188
"../../../Engine/Content/MobileResources/HUD/MobileHUDButton1_off.uasset" 189
"../../../Engine/Content/MobileResources/HUD/MobileHUDButton1_on.uasset" 190
"../../../Engine/Content/MobileResources/HUD/MobileHUDButton2_off.uasset" 191
"../../../Engine/Content/MobileResources/HUD/MobileHUDButton2_on.uasset" 192
"../../../Engine/Content/MobileResources/HUD/MobileHUDButton3.uasset" 193
"../../../Engine/Content/MobileResources/HUD/MobileHUDButtonFire.uasset" 194
"../../../Engine/Content/MobileResources/HUD/MobileHUDDirectionPad.uasset" 195
"../../../Engine/Content/MobileResources/HUD/MobileHUDDirectionPad2.uasset" 196
"../../../Engine/Content/MobileResources/HUD/MobileHUDDirectionPad3.uasset" 197
"../../../Engine/Content/MobileResources/HUD/MobileHUDDirectionStick.uasset" 198
"../../../Engine/Content/MobileResources/HUD/T_Castle_ThumbstickInner.uasset" 199
"../../../Engine/Content/MobileResources/HUD/T_Castle_ThumbstickOutter.uasset" 200
"../../../Engine/Content/Tutorial/ContentIntroCurve.uasset" 201
"../../../Engine/Content/Tutorial/Basics/TutorialAssets/icon_tab_Levels_40x.uasset" 202
"../../../Engine/Content/VREditor/LaserPointer/VR_LaserPower_01.uasset" 203
"../../../Engine/Content/VREditor/TransformGizmo/TransformGizmoMaterial.uasset" 204
"../../../Engine/Content/VREditor/TransformGizmo/TranslucentTransformGizmoMaterial.uasset" 205
"../../../Engine/Content/VREditor/TransformGizmo/BoundingBoxCorner.uasset" 206
"../../../Engine/Content/VREditor/TransformGizmo/BoundingBoxEdge.uasset" 207
"../../../Engine/Content/VREditor/TransformGizmo/PlaneTranslationHandle.uasset" 208
"../../../Engine/Content/VREditor/TransformGizmo/Main.uasset" 209
"../../../Engine/Content/VREditor/TransformGizmo/Xray.uasset" 210
"../../../Engine/Content/VREditor/TransformGizmo/SM_Sequencer_Key.uasset" 211
"../../../Engine/Content/VREditor/TransformGizmo/SM_Sequencer_Node.uasset" 212
"../../Plugins/2D/Paper2D/Content/PlaceholderTextures/DummySpriteTexture.uasset" 213
"../../Plugins/2D/Paper2D/Content/DummySprite.uasset" 214
"../../Plugins/2D/Paper2D/Content/DefaultPaperTerrainMaterial.uasset" 215
"../../Plugins/2D/Paper2D/Content/DefaultSpriteMaterial.uasset" 216
"../../Plugins/2D/Paper2D/Content/MaskedUnlitSpriteMaterial.uasset" 217
"../../Plugins/2D/Paper2D/Content/OpaqueUnlitSpriteMaterial.uasset" 218
"../../Plugins/Runtime/Oculus/OculusVR/Content/Materials/PokeAHoleMaterial.uasset" 219
"../../Plugins/Runtime/Oculus/OculusVR/Content/Textures/GearVRController_AO.uasset" 220
"../../Plugins/Runtime/Oculus/OculusVR/Content/Textures/GearVRController_Color.uasset" 221
"../../Plugins/Runtime/Oculus/OculusVR/Content/Textures/GearVRController_Normal.uasset" 222
"../../Plugins/Runtime/Oculus/OculusVR/Content/Materials/GearVRControllerMaterial.uasset" 223
"../../Plugins/Runtime/Oculus/OculusVR/Content/Meshes/GearVrController.uasset" 224
"../../Plugins/Runtime/Oculus/OculusVR/Content/Textures/touchController_albedo.uasset" 225
"../../Plugins/Runtime/Oculus/OculusVR/Content/Textures/touchController_controlmap.uasset" 226
"../../Plugins/Runtime/Oculus/OculusVR/Content/Materials/touchController_mat.uasset" 227
"../../Plugins/Runtime/Oculus/OculusVR/Content/Meshes/LeftTouchController.uasset" 228
"../../Plugins/Runtime/Oculus/OculusVR/Content/Meshes/RiftHMD.uasset" 229
"../../Plugins/Runtime/Oculus/OculusVR/Content/Meshes/RightTouchController.uasset" 230
"../../../../../../Users/Alex/Documents/GitHub/Obalor/Obalor/Content/Character/Tommy_Skeleton.uasset" 231
"../../../../../../Users/Alex/Documents/GitHub/Obalor/Obalor/Content/Character/Tommy_jumpEnd.uasset" 232
"../../../../../../Users/Alex/Documents/GitHub/Obalor/Obalor/Content/Character/Tommy_jumpMiddle.uasset" 233
"../../../../../../Users/Alex/Documents/GitHub/Obalor/Obalor/Content/Character/Tommy_jumpStart.uasset" 234
"../../../../../../Users/Alex/Documents/GitHub/Obalor/Obalor/Content/Character/Tommy_idle.uasset" 235
"../../../../../../Users/Alex/Documents/GitHub/Obalor/Obalor/Content/Character/Tommy_walk.uasset" 236
"../../../../../../Users/Alex/Documents/GitHub/Obalor/Obalor/Content/Character/Idle_Walk_Run.uasset" 237
"../../../../../../Users/Alex/Documents/GitHub/Obalor/Obalor/Content/Character/CharacterMain.uasset" 238
"../../../../../../Users/Alex/Documents/GitHub/Obalor/Obalor/Content/Character/lambert1.uasset" 239
"../../../../../../Users/Alex/Documents/GitHub/Obalor/Obalor/Content/Character/Tommy_PhysicsAsset.uasset" 240
"../../../../../../Users/Alex/Documents/GitHub/Obalor/Obalor/Content/Character/Tommy.uasset" 241
"../../../../../../Users/Alex/Documents/GitHub/Obalor/Obalor/Content/Character/CharacterBP.uasset" 242
"../../../Engine/Content/EngineSky/C_Sky_Cloud_Color.uasset" 243
"../../../Engine/Content/EngineSky/C_Sky_Horizon_Color.uasset" 244
"../../../Engine/Content/EngineSky/C_Sky_Zenith_Color.uasset" 245
"../../../Engine/Content/EngineSky/T_Sky_Blue.uasset" 246
"../../../Engine/Content/EngineSky/T_Sky_Clouds_M.uasset" 247
"../../../Engine/Content/EngineSky/T_Sky_Stars.uasset" 248
"../../../Engine/Content/EngineSky/M_Sky_Panning_Clouds2.uasset" 249
"../../../Engine/Content/EngineSky/SM_SkySphere.uasset" 250
"../../../Engine/Content/EngineSky/BP_Sky_Sphere.uasset" 251
"../../../../../../Users/Alex/Documents/GitHub/Obalor/Obalor/Content/Character/MyGame.uasset" 252
"../../../../../../Users/Alex/Documents/GitHub/Obalor/Obalor/Content/ThirdPersonBP/Materials/ExampleContent/Landscapes/Textures/Grass_LayerInfo.uasset" 253
"../../../../../../Users/Alex/Documents/GitHub/Obalor/Obalor/Content/ThirdPersonBP/Materials/ExampleContent/Landscapes/Textures/Snow_LayerInfo.uasset" 254
"../../../../../../Users/Alex/Documents/GitHub/Obalor/Obalor/Content/ThirdPersonBP/Materials/ExampleContent/Landscapes/Textures/Soil_LayerInfo.uasset" 255
"../../../../../../Users/Alex/Documents/GitHub/Obalor/Obalor/Content/ThirdPersonBP/Maps/FirstMapTest_BuiltData.uasset" 256
"../../../Engine/Content/EngineMaterials/DefaultPhysicalMaterial.uasset" 257
"../../../../../../Users/Alex/Documents/GitHub/Obalor/Obalor/Content/LevelAssets/Foliage/Material_001.uasset" 258
"../../../../../../Users/Alex/Documents/GitHub/Obalor/Obalor/Content/LevelAssets/Foliage/Material_002.uasset" 259
"../../../../../../Users/Alex/Documents/GitHub/Obalor/Obalor/Content/LevelAssets/Foliage/oPine-01.uasset" 260
"../../../../../../Users/Alex/Documents/GitHub/Obalor/Obalor/Content/LevelAssets/Foliage/oPine-02.uasset" 261
"../../../../../../Users/Alex/Documents/GitHub/Obalor/Obalor/Content/LevelAssets/Foliage/oPine-03.uasset" 262
"../../../../../../Users/Alex/Documents/GitHub/Obalor/Obalor/Content/ThirdPersonBP/Maps/FirstMapTest.umap" 263
"../../../../../../Users/Alex/Documents/GitHub/Obalor/Obalor/Content/ThirdPersonBP/Maps/ThirdPersonExampleMap_BuiltData.uasset" 264
"../../../Engine/Content/BasicShapes/BasicShapeMaterial.uasset" 265
"../../../Engine/Content/BasicShapes/Cube.uasset" 266
"../../../../../../Users/Alex/Documents/GitHub/Obalor/Obalor/Content/Geometry/Meshes/CubeMaterial.uasset" 267
"../../../../../../Users/Alex/Documents/GitHub/Obalor/Obalor/Content/Geometry/Meshes/1M_Cube.uasset" 268
"../../../../../../Users/Alex/Documents/GitHub/Obalor/Obalor/Content/Geometry/Meshes/1M_Cube_Chamfer.uasset" 269
"../../../../../../Users/Alex/Documents/GitHub/Obalor/Obalor/Content/Geometry/Meshes/TemplateFloor.uasset" 270
"../../../../../../Users/Alex/Documents/GitHub/Obalor/Obalor/Content/LevelAssets/ScaleTile.uasset" 271
"../../../../../../Users/Alex/Documents/GitHub/Obalor/Obalor/Content/ThirdPerson/Meshes/RampMaterial.uasset" 272
"../../../../../../Users/Alex/Documents/GitHub/Obalor/Obalor/Content/ThirdPerson/Meshes/Bump_StaticMesh.uasset" 273
"../../../../../../Users/Alex/Documents/GitHub/Obalor/Obalor/Content/ThirdPerson/Meshes/LeftArm_StaticMesh.uasset" 274
"../../../../../../Users/Alex/Documents/GitHub/Obalor/Obalor/Content/ThirdPerson/Meshes/Linear_Stair_StaticMesh.uasset" 275
"../../../../../../Users/Alex/Documents/GitHub/Obalor/Obalor/Content/ThirdPerson/Meshes/Ramp_StaticMesh.uasset" 276
"../../../../../../Users/Alex/Documents/GitHub/Obalor/Obalor/Content/ThirdPerson/Meshes/RightArm_StaticMesh.uasset" 277
"../../../../../../Users/Alex/Documents/GitHub/Obalor/Obalor/Content/ThirdPersonBP/Maps/ThirdPersonExampleMap.umap" 278
"../../../../../../Users/Alex/Documents/GitHub/Obalor/Obalor/Content/Blueprints/TriggerLoad.uasset" 279
"../../../../../../Users/Alex/Documents/GitHub/Obalor/Obalor/Content/Tiles/Tile01_BuiltData.uasset" 280
"../../../../../../Users/Alex/Documents/GitHub/Obalor/Obalor/Content/Tiles/Tile01.umap" 281
"../../../../../../Users/Alex/Documents/GitHub/Obalor/Obalor/Content/LevelAssets/Materials/BronwStoneFloor_LayerInfo.uasset" 282
"../../../../../../Users/Alex/Documents/GitHub/Obalor/Obalor/Content/LevelAssets/Materials/BrownStoneWall_LayerInfo.uasset" 283
"../../../../../../Users/Alex/Documents/GitHub/Obalor/Obalor/Content/LevelAssets/Materials/DarkEarth_LayerInfo.uasset" 284
"../../../../../../Users/Alex/Documents/GitHub/Obalor/Obalor/Content/LevelAssets/Materials/DarkEarthAlt_LayerInfo.uasset" 285
"../../../../../../Users/Alex/Documents/GitHub/Obalor/Obalor/Content/LevelAssets/Materials/Leaf_Vert_02_LayerInfo.uasset" 286
"../../../../../../Users/Alex/Documents/GitHub/Obalor/Obalor/Content/LevelAssets/Materials/Leaf_Vert_LayerInfo.uasset" 287
"../../../../../../Users/Alex/Documents/GitHub/Obalor/Obalor/Content/LevelAssets/Materials/LeafDry_LayerInfo.uasset" 288
"../../../../../../Users/Alex/Documents/GitHub/Obalor/Obalor/Content/Tiles/Tile04_BuiltData.uasset" 289
"../../../../../../Users/Alex/Documents/GitHub/Obalor/Obalor/Content/LevelAssets/Materials/BrownStoneFloor.uasset" 290
"../../../../../../Users/Alex/Documents/GitHub/Obalor/Obalor/Content/LevelAssets/Materials/BrownStoneWalls.uasset" 291
"../../../../../../Users/Alex/Documents/GitHub/Obalor/Obalor/Content/LevelAssets/Materials/DarkEarth.uasset" 292
"../../../../../../Users/Alex/Documents/GitHub/Obalor/Obalor/Content/LevelAssets/Materials/DarkEarthAlt.uasset" 293
"../../../../../../Users/Alex/Documents/GitHub/Obalor/Obalor/Content/LevelAssets/Materials/Leaf_Vert.uasset" 294
"../../../../../../Users/Alex/Documents/GitHub/Obalor/Obalor/Content/LevelAssets/Materials/Leaf_Vert_02.uasset" 295
"../../../../../../Users/Alex/Documents/GitHub/Obalor/Obalor/Content/LevelAssets/Materials/LeafDry.uasset" 296
"../../../../../../Users/Alex/Documents/GitHub/Obalor/Obalor/Content/LevelAssets/Materials/Snow_Patterns.uasset" 297
"../../../../../../Users/Alex/Documents/GitHub/Obalor/Obalor/Content/LevelAssets/Materials/Landscape_Material.uasset" 298
"../../../../../../Users/Alex/Documents/GitHub/Obalor/Obalor/Content/LevelAssets/Materials/WaterTile.uasset" 299
"../../../../../../Users/Alex/Documents/GitHub/Obalor/Obalor/Content/LevelAssets/Materials/WaterFlow.uasset" 300
"../../../../../../Users/Alex/Documents/GitHub/Obalor/Obalor/Content/LevelAssets/Materials/LeafPile.uasset" 301
"../../../../../../Users/Alex/Documents/GitHub/Obalor/Obalor/Content/LevelAssets/Materials/Leaf_Mat.uasset" 302
"../../../../../../Users/Alex/Documents/GitHub/Obalor/Obalor/Content/LevelAssets/Pile.uasset" 303
"../../../../../../Users/Alex/Documents/GitHub/Obalor/Obalor/Content/LevelAssets/Rocks/Rock1Mat.uasset" 304
"../../../../../../Users/Alex/Documents/GitHub/Obalor/Obalor/Content/LevelAssets/Rocks/Rock1.uasset" 305
"../../../../../../Users/Alex/Documents/GitHub/Obalor/Obalor/Content/LevelAssets/Rocks/Rock2Mat.uasset" 306
"../../../../../../Users/Alex/Documents/GitHub/Obalor/Obalor/Content/LevelAssets/Rocks/Rock2.uasset" 307
"../../../../../../Users/Alex/Documents/GitHub/Obalor/Obalor/Content/LevelAssets/Rocks/Rock3Mat.uasset" 308
"../../../../../../Users/Alex/Documents/GitHub/Obalor/Obalor/Content/LevelAssets/Rocks/Rock3.uasset" 309
"../../../../../../Users/Alex/Documents/GitHub/Obalor/Obalor/Content/Tiles/Tile04.umap" 310
"../../../Engine/Content/Maps/Entry_BuiltData.uasset" 311
"../../../Engine/Content/Maps/Entry.umap" 312
